2018/05/21 15:07:25 [error] [exception.CHttpException.404] exception 'CHttpException' with message 'Unable to resolve the request "user".' in E:\xampp\htdocs\dashboard\framework\web\CWebApplication.php:286
Stack trace:
#0 E:\xampp\htdocs\dashboard\framework\web\CWebApplication.php(141): CWebApplication->runController('user')
#1 E:\xampp\htdocs\dashboard\framework\base\CApplication.php(185): CWebApplication->processRequest()
#2 E:\xampp\htdocs\dashboard\index.php(13): CApplication->run()
#3 {main}
REQUEST_URI=/dashboard/index.php?r=user
---
2018/05/23 12:44:18 [error] [system.db.CDbCommand] CDbCommand::fetchAll() failed: SQLSTATE[42S02]: Base table or view not found: 1146 Table 'test.hotel' doesn't exist. The SQL statement executed was: SHOW FULL COLUMNS FROM `hotel`.
in E:\xampp\htdocs\dashboard\index.php (13)
2018/05/23 12:48:37 [error] [exception.CHttpException.404] exception 'CHttpException' with message 'Unable to resolve the request "hotel".' in E:\xampp\htdocs\dashboard\framework\web\CWebApplication.php:286
Stack trace:
#0 E:\xampp\htdocs\dashboard\framework\web\CWebApplication.php(141): CWebApplication->runController('hotel')
#1 E:\xampp\htdocs\dashboard\framework\base\CApplication.php(185): CWebApplication->processRequest()
#2 E:\xampp\htdocs\dashboard\index.php(13): CApplication->run()
#3 {main}
REQUEST_URI=/dashboard/index.php?r=hotel
---
2018/05/23 12:49:49 [error] [exception.CHttpException.404] exception 'CHttpException' with message 'Unable to resolve the request "hotel".' in E:\xampp\htdocs\dashboard\framework\web\CWebApplication.php:286
Stack trace:
#0 E:\xampp\htdocs\dashboard\framework\web\CWebApplication.php(141): CWebApplication->runController('hotel')
#1 E:\xampp\htdocs\dashboard\framework\base\CApplication.php(185): CWebApplication->processRequest()
#2 E:\xampp\htdocs\dashboard\index.php(13): CApplication->run()
#3 {main}
REQUEST_URI=/dashboard/index.php?r=hotel
---
2018/05/23 13:04:44 [error] [exception.CHttpException.404] exception 'CHttpException' with message 'The requested page does not exist.' in E:\xampp\htdocs\dashboard\protected\controllers\HotelController.php:157
Stack trace:
#0 E:\xampp\htdocs\dashboard\protected\controllers\HotelController.php(55): HotelController->loadModel('1')
#1 [internal function]: HotelController->actionView('1')
#2 E:\xampp\htdocs\dashboard\framework\web\actions\CAction.php(109): ReflectionMethod->invokeArgs(Object(HotelController), Array)
#3 E:\xampp\htdocs\dashboard\framework\web\actions\CInlineAction.php(47): CAction->runWithParamsInternal(Object(HotelController), Object(ReflectionMethod), Array)
#4 E:\xampp\htdocs\dashboard\framework\web\CController.php(308): CInlineAction->runWithParams(Array)
#5 E:\xampp\htdocs\dashboard\framework\web\filters\CFilterChain.php(134): CController->runAction(Object(CInlineAction))
#6 E:\xampp\htdocs\dashboard\framework\web\filters\CFilter.php(40): CFilterChain->run()
#7 E:\xampp\htdocs\dashboard\framework\web\CController.php(1148): CFilter->filter(Object(CFilterChain))
#8 E:\xampp\htdocs\dashboard\framework\web\filters\CInlineFilter.php(58): CController->filterAccessControl(Object(CFilterChain))
#9 E:\xampp\htdocs\dashboard\framework\web\filters\CFilterChain.php(131): CInlineFilter->filter(Object(CFilterChain))
#10 E:\xampp\htdocs\dashboard\framework\web\CController.php(291): CFilterChain->run()
#11 E:\xampp\htdocs\dashboard\framework\web\CController.php(265): CController->runActionWithFilters(Object(CInlineAction), Array)
#12 E:\xampp\htdocs\dashboard\framework\web\CWebApplication.php(282): CController->run('view')
#13 E:\xampp\htdocs\dashboard\framework\web\CWebApplication.php(141): CWebApplication->runController('hotel/view')
#14 E:\xampp\htdocs\dashboard\framework\base\CApplication.php(185): CWebApplication->processRequest()
#15 E:\xampp\htdocs\dashboard\index.php(13): CApplication->run()
#16 {main}
REQUEST_URI=/dashboard/index.php?r=hotel/view&id=1
HTTP_REFERER=http://localhost/dashboard/index.php?r=hotel/create
---
2018/05/23 13:37:45 [error] [exception.CHttpException.404] exception 'CHttpException' with message 'The system is unable to find the requested action "index".' in E:\xampp\htdocs\dashboard\framework\web\CController.php:486
Stack trace:
#0 E:\xampp\htdocs\dashboard\framework\web\CController.php(270): CController->missingAction('')
#1 E:\xampp\htdocs\dashboard\framework\web\CWebApplication.php(282): CController->run('')
#2 E:\xampp\htdocs\dashboard\framework\web\CWebApplication.php(141): CWebApplication->runController('catalog')
#3 E:\xampp\htdocs\dashboard\framework\base\CApplication.php(185): CWebApplication->processRequest()
#4 E:\xampp\htdocs\dashboard\index.php(13): CApplication->run()
#5 {main}
REQUEST_URI=/dashboard/index.php?r=catalog
---
2018/05/23 16:39:51 [error] [php] Missing argument 3 for CActiveForm::dropDownList(), called in E:\xampp\htdocs\dashboard\protected\views\season\_form.php on line 52 and defined (E:\xampp\htdocs\dashboard\framework\web\widgets\CActiveForm.php:912)
Stack trace:
#0 E:\xampp\htdocs\dashboard\framework\web\CBaseController.php(95): SeasonController->renderInternal()
#1 E:\xampp\htdocs\dashboard\framework\web\CController.php(872): SeasonController->renderFile()
#2 E:\xampp\htdocs\dashboard\protected\views\season\create.php(19): SeasonController->renderPartial()
#3 E:\xampp\htdocs\dashboard\framework\web\CBaseController.php(126): require()
#4 E:\xampp\htdocs\dashboard\framework\web\CBaseController.php(95): SeasonController->renderInternal()
#5 E:\xampp\htdocs\dashboard\framework\web\CController.php(872): SeasonController->renderFile()
#6 E:\xampp\htdocs\dashboard\framework\web\CController.php(785): SeasonController->renderPartial()
#7 E:\xampp\htdocs\dashboard\protected\controllers\SeasonController.php(80): SeasonController->render()
#8 E:\xampp\htdocs\dashboard\framework\web\actions\CInlineAction.php(49): SeasonController->actionCreate()
#9 E:\xampp\htdocs\dashboard\framework\web\CController.php(308): CInlineAction->runWithParams()
#10 E:\xampp\htdocs\dashboard\framework\web\filters\CFilterChain.php(134): SeasonController->runAction()
#11 E:\xampp\htdocs\dashboard\framework\web\filters\CFilter.php(40): CFilterChain->run()
#12 E:\xampp\htdocs\dashboard\framework\web\CController.php(1148): CAccessControlFilter->filter()
#13 E:\xampp\htdocs\dashboard\framework\web\filters\CInlineFilter.php(58): SeasonController->filterAccessControl()
#14 E:\xampp\htdocs\dashboard\framework\web\filters\CFilterChain.php(131): CInlineFilter->filter()
#15 E:\xampp\htdocs\dashboard\framework\web\CController.php(291): CFilterChain->run()
#16 E:\xampp\htdocs\dashboard\framework\web\CController.php(265): SeasonController->runActionWithFilters()
#17 E:\xampp\htdocs\dashboard\framework\web\CWebApplication.php(282): SeasonController->run()
#18 E:\xampp\htdocs\dashboard\framework\web\CWebApplication.php(141): CWebApplication->runController()
#19 E:\xampp\htdocs\dashboard\framework\base\CApplication.php(185): CWebApplication->processRequest()
#20 E:\xampp\htdocs\dashboard\index.php(13): CWebApplication->run()
REQUEST_URI=/dashboard/index.php?r=season/create
in E:\xampp\htdocs\dashboard\protected\views\season\_form.php (52)
in E:\xampp\htdocs\dashboard\protected\views\season\create.php (19)
in E:\xampp\htdocs\dashboard\protected\controllers\SeasonController.php (80)
2018/05/23 16:40:24 [error] [exception.CException] exception 'CException' with message 'Property "Season." is not defined.' in E:\xampp\htdocs\dashboard\framework\base\CComponent.php:130
Stack trace:
#0 E:\xampp\htdocs\dashboard\framework\db\ar\CActiveRecord.php(145): CComponent->__get('')
#1 E:\xampp\htdocs\dashboard\framework\web\helpers\CHtml.php(2760): CActiveRecord->__get('')
#2 E:\xampp\htdocs\dashboard\framework\web\helpers\CHtml.php(1994): CHtml::resolveValue(Object(Season), '')
#3 E:\xampp\htdocs\dashboard\framework\web\widgets\CActiveForm.php(914): CHtml::activeDropDownList(Object(Season), '', Array, Array)
#4 E:\xampp\htdocs\dashboard\protected\views\season\_form.php(52): CActiveForm->dropDownList(Object(Season), '', Array)
#5 E:\xampp\htdocs\dashboard\framework\web\CBaseController.php(126): require('E:\\xampp\\htdocs...')
#6 E:\xampp\htdocs\dashboard\framework\web\CBaseController.php(95): CBaseController->renderInternal('E:\\xampp\\htdocs...', Array, true)
#7 E:\xampp\htdocs\dashboard\framework\web\CController.php(872): CBaseController->renderFile('E:\\xampp\\htdocs...', Array, true)
#8 E:\xampp\htdocs\dashboard\protected\views\season\create.php(19): CController->renderPartial('_form', Array)
#9 E:\xampp\htdocs\dashboard\framework\web\CBaseController.php(126): require('E:\\xampp\\htdocs...')
#10 E:\xampp\htdocs\dashboard\framework\web\CBaseController.php(95): CBaseController->renderInternal('E:\\xampp\\htdocs...', Array, true)
#11 E:\xampp\htdocs\dashboard\framework\web\CController.php(872): CBaseController->renderFile('E:\\xampp\\htdocs...', Array, true)
#12 E:\xampp\htdocs\dashboard\framework\web\CController.php(785): CController->renderPartial('create', Array, true)
#13 E:\xampp\htdocs\dashboard\protected\controllers\SeasonController.php(80): CController->render('create', Array)
#14 E:\xampp\htdocs\dashboard\framework\web\actions\CInlineAction.php(49): SeasonController->actionCreate()
#15 E:\xampp\htdocs\dashboard\framework\web\CController.php(308): CInlineAction->runWithParams(Array)
#16 E:\xampp\htdocs\dashboard\framework\web\filters\CFilterChain.php(134): CController->runAction(Object(CInlineAction))
#17 E:\xampp\htdocs\dashboard\framework\web\filters\CFilter.php(40): CFilterChain->run()
#18 E:\xampp\htdocs\dashboard\framework\web\CController.php(1148): CFilter->filter(Object(CFilterChain))
#19 E:\xampp\htdocs\dashboard\framework\web\filters\CInlineFilter.php(58): CController->filterAccessControl(Object(CFilterChain))
#20 E:\xampp\htdocs\dashboard\framework\web\filters\CFilterChain.php(131): CInlineFilter->filter(Object(CFilterChain))
#21 E:\xampp\htdocs\dashboard\framework\web\CController.php(291): CFilterChain->run()
#22 E:\xampp\htdocs\dashboard\framework\web\CController.php(265): CController->runActionWithFilters(Object(CInlineAction), Array)
#23 E:\xampp\htdocs\dashboard\framework\web\CWebApplication.php(282): CController->run('create')
#24 E:\xampp\htdocs\dashboard\framework\web\CWebApplication.php(141): CWebApplication->runController('season/create')
#25 E:\xampp\htdocs\dashboard\framework\base\CApplication.php(185): CWebApplication->processRequest()
#26 E:\xampp\htdocs\dashboard\index.php(13): CApplication->run()
#27 {main}
REQUEST_URI=/dashboard/index.php?r=season/create
HTTP_REFERER=http://localhost/dashboard/index.php?r=season/admin
---
2018/05/23 17:25:24 [error] [php] Object of class Hotel could not be converted to string (E:\xampp\htdocs\dashboard\framework\web\helpers\CHtml.php:2574)
Stack trace:
#0 E:\xampp\htdocs\dashboard\protected\views\season\_form.php(44): CActiveForm->dropDownList()
#1 E:\xampp\htdocs\dashboard\framework\web\CBaseController.php(126): require()
#2 E:\xampp\htdocs\dashboard\framework\web\CBaseController.php(95): SeasonController->renderInternal()
#3 E:\xampp\htdocs\dashboard\framework\web\CController.php(872): SeasonController->renderFile()
#4 E:\xampp\htdocs\dashboard\protected\views\season\update.php(21): SeasonController->renderPartial()
#5 E:\xampp\htdocs\dashboard\framework\web\CBaseController.php(126): require()
#6 E:\xampp\htdocs\dashboard\framework\web\CBaseController.php(95): SeasonController->renderInternal()
#7 E:\xampp\htdocs\dashboard\framework\web\CController.php(872): SeasonController->renderFile()
#8 E:\xampp\htdocs\dashboard\framework\web\CController.php(785): SeasonController->renderPartial()
#9 E:\xampp\htdocs\dashboard\protected\controllers\SeasonController.php(105): SeasonController->render()
#10 unknown(0): SeasonController->actionUpdate()
#11 E:\xampp\htdocs\dashboard\framework\web\actions\CAction.php(109): ReflectionMethod->invokeArgs()
#12 E:\xampp\htdocs\dashboard\framework\web\actions\CInlineAction.php(47): CInlineAction->runWithParamsInternal()
#13 E:\xampp\htdocs\dashboard\framework\web\CController.php(308): CInlineAction->runWithParams()
#14 E:\xampp\htdocs\dashboard\framework\web\filters\CFilterChain.php(134): SeasonController->runAction()
#15 E:\xampp\htdocs\dashboard\framework\web\filters\CFilter.php(40): CFilterChain->run()
#16 E:\xampp\htdocs\dashboard\framework\web\CController.php(1148): CAccessControlFilter->filter()
#17 E:\xampp\htdocs\dashboard\framework\web\filters\CInlineFilter.php(58): SeasonController->filterAccessControl()
#18 E:\xampp\htdocs\dashboard\framework\web\filters\CFilterChain.php(131): CInlineFilter->filter()
#19 E:\xampp\htdocs\dashboard\framework\web\CController.php(291): CFilterChain->run()
#20 E:\xampp\htdocs\dashboard\framework\web\CController.php(265): SeasonController->runActionWithFilters()
#21 E:\xampp\htdocs\dashboard\framework\web\CWebApplication.php(282): SeasonController->run()
#22 E:\xampp\htdocs\dashboard\framework\web\CWebApplication.php(141): CWebApplication->runController()
#23 E:\xampp\htdocs\dashboard\framework\base\CApplication.php(185): CWebApplication->processRequest()
#24 E:\xampp\htdocs\dashboard\index.php(13): CWebApplication->run()
REQUEST_URI=/dashboard/index.php?r=season/update&id=4
in E:\xampp\htdocs\dashboard\protected\views\season\_form.php (44)
in E:\xampp\htdocs\dashboard\protected\views\season\update.php (21)
in E:\xampp\htdocs\dashboard\protected\controllers\SeasonController.php (105)
2018/05/23 18:58:53 [error] [exception.CDbException] exception 'CDbException' with message 'Relation "hotel_name" is not defined in active record class "Season".' in E:\xampp\htdocs\dashboard\framework\db\ar\CActiveFinder.php:227
Stack trace:
#0 E:\xampp\htdocs\dashboard\framework\db\ar\CActiveFinder.php(300): CActiveFinder->buildJoinTree(Object(CJoinElement), 'hotel_name')
#1 E:\xampp\htdocs\dashboard\framework\db\ar\CActiveFinder.php(48): CActiveFinder->buildJoinTree(Object(CJoinElement), Array)
#2 E:\xampp\htdocs\dashboard\framework\db\ar\CActiveRecord.php(915): CActiveFinder->__construct(Object(Season), Array)
#3 E:\xampp\htdocs\dashboard\framework\db\ar\CActiveRecord.php(1363): CActiveRecord->getActiveFinder(Array)
#4 E:\xampp\htdocs\dashboard\framework\db\ar\CActiveRecord.php(1478): CActiveRecord->query(Object(CDbCriteria), true)
#5 E:\xampp\htdocs\dashboard\protected\controllers\RateController.php(181): CActiveRecord->findAll()
#6 E:\xampp\htdocs\dashboard\protected\controllers\RateController.php(79): RateController->getListSeason()
#7 E:\xampp\htdocs\dashboard\framework\web\actions\CInlineAction.php(49): RateController->actionCreate()
#8 E:\xampp\htdocs\dashboard\framework\web\CController.php(308): CInlineAction->runWithParams(Array)
#9 E:\xampp\htdocs\dashboard\framework\web\filters\CFilterChain.php(134): CController->runAction(Object(CInlineAction))
#10 E:\xampp\htdocs\dashboard\framework\web\filters\CFilter.php(40): CFilterChain->run()
#11 E:\xampp\htdocs\dashboard\framework\web\CController.php(1148): CFilter->filter(Object(CFilterChain))
#12 E:\xampp\htdocs\dashboard\framework\web\filters\CInlineFilter.php(58): CController->filterAccessControl(Object(CFilterChain))
#13 E:\xampp\htdocs\dashboard\framework\web\filters\CFilterChain.php(131): CInlineFilter->filter(Object(CFilterChain))
#14 E:\xampp\htdocs\dashboard\framework\web\CController.php(291): CFilterChain->run()
#15 E:\xampp\htdocs\dashboard\framework\web\CController.php(265): CController->runActionWithFilters(Object(CInlineAction), Array)
#16 E:\xampp\htdocs\dashboard\framework\web\CWebApplication.php(282): CController->run('create')
#17 E:\xampp\htdocs\dashboard\framework\web\CWebApplication.php(141): CWebApplication->runController('rate/create')
#18 E:\xampp\htdocs\dashboard\framework\base\CApplication.php(185): CWebApplication->processRequest()
#19 E:\xampp\htdocs\dashboard\index.php(13): CApplication->run()
#20 {main}
REQUEST_URI=/dashboard/index.php?r=rate/create
HTTP_REFERER=http://localhost/dashboard/index.php?r=rate
---
2018/05/23 19:00:25 [error] [exception.CDbException] exception 'CDbException' with message 'Relation "hotel_name" is not defined in active record class "Season".' in E:\xampp\htdocs\dashboard\framework\db\ar\CActiveFinder.php:227
Stack trace:
#0 E:\xampp\htdocs\dashboard\framework\db\ar\CActiveFinder.php(300): CActiveFinder->buildJoinTree(Object(CJoinElement), 'hotel_name')
#1 E:\xampp\htdocs\dashboard\framework\db\ar\CActiveFinder.php(48): CActiveFinder->buildJoinTree(Object(CJoinElement), Array)
#2 E:\xampp\htdocs\dashboard\framework\db\ar\CActiveRecord.php(915): CActiveFinder->__construct(Object(Season), Array)
#3 E:\xampp\htdocs\dashboard\framework\db\ar\CActiveRecord.php(1363): CActiveRecord->getActiveFinder(Array)
#4 E:\xampp\htdocs\dashboard\framework\db\ar\CActiveRecord.php(1478): CActiveRecord->query(Object(CDbCriteria), true)
#5 E:\xampp\htdocs\dashboard\protected\controllers\RateController.php(181): CActiveRecord->findAll()
#6 E:\xampp\htdocs\dashboard\protected\controllers\RateController.php(79): RateController->getListSeason()
#7 E:\xampp\htdocs\dashboard\framework\web\actions\CInlineAction.php(49): RateController->actionCreate()
#8 E:\xampp\htdocs\dashboard\framework\web\CController.php(308): CInlineAction->runWithParams(Array)
#9 E:\xampp\htdocs\dashboard\framework\web\filters\CFilterChain.php(134): CController->runAction(Object(CInlineAction))
#10 E:\xampp\htdocs\dashboard\framework\web\filters\CFilter.php(40): CFilterChain->run()
#11 E:\xampp\htdocs\dashboard\framework\web\CController.php(1148): CFilter->filter(Object(CFilterChain))
#12 E:\xampp\htdocs\dashboard\framework\web\filters\CInlineFilter.php(58): CController->filterAccessControl(Object(CFilterChain))
#13 E:\xampp\htdocs\dashboard\framework\web\filters\CFilterChain.php(131): CInlineFilter->filter(Object(CFilterChain))
#14 E:\xampp\htdocs\dashboard\framework\web\CController.php(291): CFilterChain->run()
#15 E:\xampp\htdocs\dashboard\framework\web\CController.php(265): CController->runActionWithFilters(Object(CInlineAction), Array)
#16 E:\xampp\htdocs\dashboard\framework\web\CWebApplication.php(282): CController->run('create')
#17 E:\xampp\htdocs\dashboard\framework\web\CWebApplication.php(141): CWebApplication->runController('rate/create')
#18 E:\xampp\htdocs\dashboard\framework\base\CApplication.php(185): CWebApplication->processRequest()
#19 E:\xampp\htdocs\dashboard\index.php(13): CApplication->run()
#20 {main}
REQUEST_URI=/dashboard/index.php?r=rate/create
HTTP_REFERER=http://localhost/dashboard/index.php?r=rate
---
2018/05/23 19:03:56 [error] [exception.CDbException] exception 'CDbException' with message 'Relation "hotel_name" is not defined in active record class "Season".' in E:\xampp\htdocs\dashboard\framework\db\ar\CActiveFinder.php:227
Stack trace:
#0 E:\xampp\htdocs\dashboard\framework\db\ar\CActiveFinder.php(300): CActiveFinder->buildJoinTree(Object(CJoinElement), 'hotel_name')
#1 E:\xampp\htdocs\dashboard\framework\db\ar\CActiveFinder.php(48): CActiveFinder->buildJoinTree(Object(CJoinElement), Array)
#2 E:\xampp\htdocs\dashboard\framework\db\ar\CActiveRecord.php(915): CActiveFinder->__construct(Object(Season), Array)
#3 E:\xampp\htdocs\dashboard\framework\db\ar\CActiveRecord.php(1363): CActiveRecord->getActiveFinder(Array)
#4 E:\xampp\htdocs\dashboard\framework\db\ar\CActiveRecord.php(1478): CActiveRecord->query(Object(CDbCriteria), true)
#5 E:\xampp\htdocs\dashboard\protected\controllers\RateController.php(181): CActiveRecord->findAll()
#6 E:\xampp\htdocs\dashboard\protected\controllers\RateController.php(79): RateController->getListSeason()
#7 E:\xampp\htdocs\dashboard\framework\web\actions\CInlineAction.php(49): RateController->actionCreate()
#8 E:\xampp\htdocs\dashboard\framework\web\CController.php(308): CInlineAction->runWithParams(Array)
#9 E:\xampp\htdocs\dashboard\framework\web\filters\CFilterChain.php(134): CController->runAction(Object(CInlineAction))
#10 E:\xampp\htdocs\dashboard\framework\web\filters\CFilter.php(40): CFilterChain->run()
#11 E:\xampp\htdocs\dashboard\framework\web\CController.php(1148): CFilter->filter(Object(CFilterChain))
#12 E:\xampp\htdocs\dashboard\framework\web\filters\CInlineFilter.php(58): CController->filterAccessControl(Object(CFilterChain))
#13 E:\xampp\htdocs\dashboard\framework\web\filters\CFilterChain.php(131): CInlineFilter->filter(Object(CFilterChain))
#14 E:\xampp\htdocs\dashboard\framework\web\CController.php(291): CFilterChain->run()
#15 E:\xampp\htdocs\dashboard\framework\web\CController.php(265): CController->runActionWithFilters(Object(CInlineAction), Array)
#16 E:\xampp\htdocs\dashboard\framework\web\CWebApplication.php(282): CController->run('create')
#17 E:\xampp\htdocs\dashboard\framework\web\CWebApplication.php(141): CWebApplication->runController('rate/create')
#18 E:\xampp\htdocs\dashboard\framework\base\CApplication.php(185): CWebApplication->processRequest()
#19 E:\xampp\htdocs\dashboard\index.php(13): CApplication->run()
#20 {main}
REQUEST_URI=/dashboard/index.php?r=rate/create
HTTP_REFERER=http://localhost/dashboard/index.php?r=rate
---
2018/05/23 19:03:56 [error] [exception.CDbException] exception 'CDbException' with message 'Relation "hotel_name" is not defined in active record class "Season".' in E:\xampp\htdocs\dashboard\framework\db\ar\CActiveFinder.php:227
Stack trace:
#0 E:\xampp\htdocs\dashboard\framework\db\ar\CActiveFinder.php(300): CActiveFinder->buildJoinTree(Object(CJoinElement), 'hotel_name')
#1 E:\xampp\htdocs\dashboard\framework\db\ar\CActiveFinder.php(48): CActiveFinder->buildJoinTree(Object(CJoinElement), Array)
#2 E:\xampp\htdocs\dashboard\framework\db\ar\CActiveRecord.php(915): CActiveFinder->__construct(Object(Season), Array)
#3 E:\xampp\htdocs\dashboard\framework\db\ar\CActiveRecord.php(1363): CActiveRecord->getActiveFinder(Array)
#4 E:\xampp\htdocs\dashboard\framework\db\ar\CActiveRecord.php(1478): CActiveRecord->query(Object(CDbCriteria), true)
#5 E:\xampp\htdocs\dashboard\protected\controllers\RateController.php(181): CActiveRecord->findAll()
#6 E:\xampp\htdocs\dashboard\protected\controllers\RateController.php(79): RateController->getListSeason()
#7 E:\xampp\htdocs\dashboard\framework\web\actions\CInlineAction.php(49): RateController->actionCreate()
#8 E:\xampp\htdocs\dashboard\framework\web\CController.php(308): CInlineAction->runWithParams(Array)
#9 E:\xampp\htdocs\dashboard\framework\web\filters\CFilterChain.php(134): CController->runAction(Object(CInlineAction))
#10 E:\xampp\htdocs\dashboard\framework\web\filters\CFilter.php(40): CFilterChain->run()
#11 E:\xampp\htdocs\dashboard\framework\web\CController.php(1148): CFilter->filter(Object(CFilterChain))
#12 E:\xampp\htdocs\dashboard\framework\web\filters\CInlineFilter.php(58): CController->filterAccessControl(Object(CFilterChain))
#13 E:\xampp\htdocs\dashboard\framework\web\filters\CFilterChain.php(131): CInlineFilter->filter(Object(CFilterChain))
#14 E:\xampp\htdocs\dashboard\framework\web\CController.php(291): CFilterChain->run()
#15 E:\xampp\htdocs\dashboard\framework\web\CController.php(265): CController->runActionWithFilters(Object(CInlineAction), Array)
#16 E:\xampp\htdocs\dashboard\framework\web\CWebApplication.php(282): CController->run('create')
#17 E:\xampp\htdocs\dashboard\framework\web\CWebApplication.php(141): CWebApplication->runController('rate/create')
#18 E:\xampp\htdocs\dashboard\framework\base\CApplication.php(185): CWebApplication->processRequest()
#19 E:\xampp\htdocs\dashboard\index.php(13): CApplication->run()
#20 {main}
REQUEST_URI=/dashboard/index.php?r=rate/create
HTTP_REFERER=http://localhost/dashboard/index.php?r=rate
---
2018/05/23 19:43:13 [error] [exception.CHttpException.404] exception 'CHttpException' with message 'The system is unable to find the requested action "index".' in E:\xampp\htdocs\dashboard\framework\web\CController.php:486
Stack trace:
#0 E:\xampp\htdocs\dashboard\framework\web\CController.php(270): CController->missingAction('')
#1 E:\xampp\htdocs\dashboard\framework\web\CWebApplication.php(282): CController->run('')
#2 E:\xampp\htdocs\dashboard\framework\web\CWebApplication.php(141): CWebApplication->runController('catalog')
#3 E:\xampp\htdocs\dashboard\framework\base\CApplication.php(185): CWebApplication->processRequest()
#4 E:\xampp\htdocs\dashboard\index.php(13): CApplication->run()
#5 {main}
REQUEST_URI=/dashboard/index.php?r=catalog
---
2018/05/23 19:43:51 [error] [exception.CHttpException.404] exception 'CHttpException' with message 'The system is unable to find the requested action "index".' in E:\xampp\htdocs\dashboard\framework\web\CController.php:486
Stack trace:
#0 E:\xampp\htdocs\dashboard\framework\web\CController.php(270): CController->missingAction('index')
#1 E:\xampp\htdocs\dashboard\framework\web\CWebApplication.php(282): CController->run('index')
#2 E:\xampp\htdocs\dashboard\framework\web\CWebApplication.php(141): CWebApplication->runController('catalog/index')
#3 E:\xampp\htdocs\dashboard\framework\base\CApplication.php(185): CWebApplication->processRequest()
#4 E:\xampp\htdocs\dashboard\index.php(13): CApplication->run()
#5 {main}
REQUEST_URI=/dashboard/index.php?r=catalog/index
---
2018/05/23 19:44:22 [error] [exception.CHttpException.404] exception 'CHttpException' with message 'The system is unable to find the requested action "index".' in E:\xampp\htdocs\dashboard\framework\web\CController.php:486
Stack trace:
#0 E:\xampp\htdocs\dashboard\framework\web\CController.php(270): CController->missingAction('index')
#1 E:\xampp\htdocs\dashboard\framework\web\CWebApplication.php(282): CController->run('index')
#2 E:\xampp\htdocs\dashboard\framework\web\CWebApplication.php(141): CWebApplication->runController('catalog/index')
#3 E:\xampp\htdocs\dashboard\framework\base\CApplication.php(185): CWebApplication->processRequest()
#4 E:\xampp\htdocs\dashboard\index.php(13): CApplication->run()
#5 {main}
REQUEST_URI=/dashboard/index.php?r=catalog/index
---
2018/05/23 19:44:23 [error] [exception.CHttpException.404] exception 'CHttpException' with message 'The system is unable to find the requested action "index".' in E:\xampp\htdocs\dashboard\framework\web\CController.php:486
Stack trace:
#0 E:\xampp\htdocs\dashboard\framework\web\CController.php(270): CController->missingAction('index')
#1 E:\xampp\htdocs\dashboard\framework\web\CWebApplication.php(282): CController->run('index')
#2 E:\xampp\htdocs\dashboard\framework\web\CWebApplication.php(141): CWebApplication->runController('catalog/index')
#3 E:\xampp\htdocs\dashboard\framework\base\CApplication.php(185): CWebApplication->processRequest()
#4 E:\xampp\htdocs\dashboard\index.php(13): CApplication->run()
#5 {main}
REQUEST_URI=/dashboard/index.php?r=catalog/index
---
2018/05/23 19:44:24 [error] [exception.CHttpException.404] exception 'CHttpException' with message 'The system is unable to find the requested action "index".' in E:\xampp\htdocs\dashboard\framework\web\CController.php:486
Stack trace:
#0 E:\xampp\htdocs\dashboard\framework\web\CController.php(270): CController->missingAction('index')
#1 E:\xampp\htdocs\dashboard\framework\web\CWebApplication.php(282): CController->run('index')
#2 E:\xampp\htdocs\dashboard\framework\web\CWebApplication.php(141): CWebApplication->runController('catalog/index')
#3 E:\xampp\htdocs\dashboard\framework\base\CApplication.php(185): CWebApplication->processRequest()
#4 E:\xampp\htdocs\dashboard\index.php(13): CApplication->run()
#5 {main}
REQUEST_URI=/dashboard/index.php?r=catalog/index
---
2018/05/23 19:44:24 [error] [exception.CHttpException.404] exception 'CHttpException' with message 'The system is unable to find the requested action "index".' in E:\xampp\htdocs\dashboard\framework\web\CController.php:486
Stack trace:
#0 E:\xampp\htdocs\dashboard\framework\web\CController.php(270): CController->missingAction('index')
#1 E:\xampp\htdocs\dashboard\framework\web\CWebApplication.php(282): CController->run('index')
#2 E:\xampp\htdocs\dashboard\framework\web\CWebApplication.php(141): CWebApplication->runController('catalog/index')
#3 E:\xampp\htdocs\dashboard\framework\base\CApplication.php(185): CWebApplication->processRequest()
#4 E:\xampp\htdocs\dashboard\index.php(13): CApplication->run()
#5 {main}
REQUEST_URI=/dashboard/index.php?r=catalog/index
---
2018/05/23 19:45:28 [error] [php] Undefined variable: model (E:\xampp\htdocs\dashboard\protected\views\catalog\index.php:30)
Stack trace:
#0 E:\xampp\htdocs\dashboard\framework\web\CController.php(872): CatalogController->renderFile()
#1 E:\xampp\htdocs\dashboard\framework\web\CController.php(785): CatalogController->renderPartial()
#2 E:\xampp\htdocs\dashboard\protected\controllers\CatalogController.php(7): CatalogController->render()
#3 E:\xampp\htdocs\dashboard\framework\web\actions\CInlineAction.php(49): CatalogController->actionCatalog()
#4 E:\xampp\htdocs\dashboard\framework\web\CController.php(308): CInlineAction->runWithParams()
#5 E:\xampp\htdocs\dashboard\framework\web\CController.php(286): CatalogController->runAction()
#6 E:\xampp\htdocs\dashboard\framework\web\CController.php(265): CatalogController->runActionWithFilters()
#7 E:\xampp\htdocs\dashboard\framework\web\CWebApplication.php(282): CatalogController->run()
#8 E:\xampp\htdocs\dashboard\framework\web\CWebApplication.php(141): CWebApplication->runController()
#9 E:\xampp\htdocs\dashboard\framework\base\CApplication.php(185): CWebApplication->processRequest()
#10 E:\xampp\htdocs\dashboard\index.php(13): CWebApplication->run()
REQUEST_URI=/dashboard/index.php?r=catalog/catalog
in E:\xampp\htdocs\dashboard\protected\views\catalog\index.php (30)
in E:\xampp\htdocs\dashboard\protected\controllers\CatalogController.php (7)
in E:\xampp\htdocs\dashboard\index.php (13)
2018/05/23 19:46:57 [error] [php] Undefined variable: model (E:\xampp\htdocs\dashboard\protected\views\catalog\index.php:30)
Stack trace:
#0 E:\xampp\htdocs\dashboard\framework\web\CController.php(872): CatalogController->renderFile()
#1 E:\xampp\htdocs\dashboard\framework\web\CController.php(785): CatalogController->renderPartial()
#2 E:\xampp\htdocs\dashboard\protected\controllers\CatalogController.php(7): CatalogController->render()
#3 E:\xampp\htdocs\dashboard\framework\web\actions\CInlineAction.php(49): CatalogController->actionCatalog()
#4 E:\xampp\htdocs\dashboard\framework\web\CController.php(308): CInlineAction->runWithParams()
#5 E:\xampp\htdocs\dashboard\framework\web\CController.php(286): CatalogController->runAction()
#6 E:\xampp\htdocs\dashboard\framework\web\CController.php(265): CatalogController->runActionWithFilters()
#7 E:\xampp\htdocs\dashboard\framework\web\CWebApplication.php(282): CatalogController->run()
#8 E:\xampp\htdocs\dashboard\framework\web\CWebApplication.php(141): CWebApplication->runController()
#9 E:\xampp\htdocs\dashboard\framework\base\CApplication.php(185): CWebApplication->processRequest()
#10 E:\xampp\htdocs\dashboard\index.php(13): CWebApplication->run()
REQUEST_URI=/dashboard/index.php?r=catalog/catalog
in E:\xampp\htdocs\dashboard\protected\views\catalog\index.php (30)
in E:\xampp\htdocs\dashboard\protected\controllers\CatalogController.php (7)
in E:\xampp\htdocs\dashboard\index.php (13)
2018/05/23 19:47:05 [error] [exception.CHttpException.404] exception 'CHttpException' with message 'The system is unable to find the requested action "inde".' in E:\xampp\htdocs\dashboard\framework\web\CController.php:486
Stack trace:
#0 E:\xampp\htdocs\dashboard\framework\web\CController.php(270): CController->missingAction('inde')
#1 E:\xampp\htdocs\dashboard\framework\web\CWebApplication.php(282): CController->run('inde')
#2 E:\xampp\htdocs\dashboard\framework\web\CWebApplication.php(141): CWebApplication->runController('catalog/inde')
#3 E:\xampp\htdocs\dashboard\framework\base\CApplication.php(185): CWebApplication->processRequest()
#4 E:\xampp\htdocs\dashboard\index.php(13): CApplication->run()
#5 {main}
REQUEST_URI=/dashboard/index.php?r=catalog/inde
---
2018/05/23 19:47:08 [error] [exception.CHttpException.404] exception 'CHttpException' with message 'The system is unable to find the requested action "index".' in E:\xampp\htdocs\dashboard\framework\web\CController.php:486
Stack trace:
#0 E:\xampp\htdocs\dashboard\framework\web\CController.php(270): CController->missingAction('index')
#1 E:\xampp\htdocs\dashboard\framework\web\CWebApplication.php(282): CController->run('index')
#2 E:\xampp\htdocs\dashboard\framework\web\CWebApplication.php(141): CWebApplication->runController('catalog/index')
#3 E:\xampp\htdocs\dashboard\framework\base\CApplication.php(185): CWebApplication->processRequest()
#4 E:\xampp\htdocs\dashboard\index.php(13): CApplication->run()
#5 {main}
REQUEST_URI=/dashboard/index.php?r=catalog/index
---
2018/05/23 19:47:10 [error] [exception.CHttpException.404] exception 'CHttpException' with message 'The system is unable to find the requested action "index".' in E:\xampp\htdocs\dashboard\framework\web\CController.php:486
Stack trace:
#0 E:\xampp\htdocs\dashboard\framework\web\CController.php(270): CController->missingAction('index')
#1 E:\xampp\htdocs\dashboard\framework\web\CWebApplication.php(282): CController->run('index')
#2 E:\xampp\htdocs\dashboard\framework\web\CWebApplication.php(141): CWebApplication->runController('catalog/index')
#3 E:\xampp\htdocs\dashboard\framework\base\CApplication.php(185): CWebApplication->processRequest()
#4 E:\xampp\htdocs\dashboard\index.php(13): CApplication->run()
#5 {main}
REQUEST_URI=/dashboard/index.php?r=catalog/index
---
2018/05/23 19:48:22 [error] [exception.CHttpException.404] exception 'CHttpException' with message 'The system is unable to find the requested action "index".' in E:\xampp\htdocs\dashboard\framework\web\CController.php:486
Stack trace:
#0 E:\xampp\htdocs\dashboard\framework\web\CController.php(270): CController->missingAction('index')
#1 E:\xampp\htdocs\dashboard\framework\web\CWebApplication.php(282): CController->run('index')
#2 E:\xampp\htdocs\dashboard\framework\web\CWebApplication.php(141): CWebApplication->runController('catalog/index')
#3 E:\xampp\htdocs\dashboard\framework\base\CApplication.php(185): CWebApplication->processRequest()
#4 E:\xampp\htdocs\dashboard\index.php(13): CApplication->run()
#5 {main}
REQUEST_URI=/dashboard/index.php?r=catalog/index
---
2018/05/23 19:48:22 [error] [exception.CHttpException.404] exception 'CHttpException' with message 'The system is unable to find the requested action "index".' in E:\xampp\htdocs\dashboard\framework\web\CController.php:486
Stack trace:
#0 E:\xampp\htdocs\dashboard\framework\web\CController.php(270): CController->missingAction('index')
#1 E:\xampp\htdocs\dashboard\framework\web\CWebApplication.php(282): CController->run('index')
#2 E:\xampp\htdocs\dashboard\framework\web\CWebApplication.php(141): CWebApplication->runController('catalog/index')
#3 E:\xampp\htdocs\dashboard\framework\base\CApplication.php(185): CWebApplication->processRequest()
#4 E:\xampp\htdocs\dashboard\index.php(13): CApplication->run()
#5 {main}
REQUEST_URI=/dashboard/index.php?r=catalog/index
---
2018/05/23 19:48:23 [error] [exception.CHttpException.404] exception 'CHttpException' with message 'The system is unable to find the requested action "index".' in E:\xampp\htdocs\dashboard\framework\web\CController.php:486
Stack trace:
#0 E:\xampp\htdocs\dashboard\framework\web\CController.php(270): CController->missingAction('index')
#1 E:\xampp\htdocs\dashboard\framework\web\CWebApplication.php(282): CController->run('index')
#2 E:\xampp\htdocs\dashboard\framework\web\CWebApplication.php(141): CWebApplication->runController('catalog/index')
#3 E:\xampp\htdocs\dashboard\framework\base\CApplication.php(185): CWebApplication->processRequest()
#4 E:\xampp\htdocs\dashboard\index.php(13): CApplication->run()
#5 {main}
REQUEST_URI=/dashboard/index.php?r=catalog/index
---
2018/05/23 19:48:36 [error] [php] Undefined variable: model (E:\xampp\htdocs\dashboard\protected\views\catalog\index.php:30)
Stack trace:
#0 E:\xampp\htdocs\dashboard\framework\web\CController.php(872): CatalogController->renderFile()
#1 E:\xampp\htdocs\dashboard\framework\web\CController.php(785): CatalogController->renderPartial()
#2 E:\xampp\htdocs\dashboard\protected\controllers\CatalogController.php(7): CatalogController->render()
#3 E:\xampp\htdocs\dashboard\framework\web\actions\CInlineAction.php(49): CatalogController->actionIndex()
#4 E:\xampp\htdocs\dashboard\framework\web\CController.php(308): CInlineAction->runWithParams()
#5 E:\xampp\htdocs\dashboard\framework\web\CController.php(286): CatalogController->runAction()
#6 E:\xampp\htdocs\dashboard\framework\web\CController.php(265): CatalogController->runActionWithFilters()
#7 E:\xampp\htdocs\dashboard\framework\web\CWebApplication.php(282): CatalogController->run()
#8 E:\xampp\htdocs\dashboard\framework\web\CWebApplication.php(141): CWebApplication->runController()
#9 E:\xampp\htdocs\dashboard\framework\base\CApplication.php(185): CWebApplication->processRequest()
#10 E:\xampp\htdocs\dashboard\index.php(13): CWebApplication->run()
REQUEST_URI=/dashboard/index.php?r=catalog/index
in E:\xampp\htdocs\dashboard\protected\views\catalog\index.php (30)
in E:\xampp\htdocs\dashboard\protected\controllers\CatalogController.php (7)
in E:\xampp\htdocs\dashboard\index.php (13)
2018/05/23 21:04:35 [error] [php] Array to string conversion (E:\xampp\htdocs\dashboard\framework\web\helpers\CHtml.php:2410)
Stack trace:
#0 E:\xampp\htdocs\dashboard\framework\web\widgets\CActiveForm.php(600): activeLabelEx()
#1 E:\xampp\htdocs\dashboard\protected\views\catalog\index.php(25): CActiveForm->labelEx()
#2 E:\xampp\htdocs\dashboard\framework\web\CBaseController.php(126): require()
#3 E:\xampp\htdocs\dashboard\framework\web\CBaseController.php(95): CatalogController->renderInternal()
#4 E:\xampp\htdocs\dashboard\framework\web\CController.php(872): CatalogController->renderFile()
#5 E:\xampp\htdocs\dashboard\framework\web\CController.php(785): CatalogController->renderPartial()
#6 E:\xampp\htdocs\dashboard\protected\controllers\CatalogController.php(8): CatalogController->render()
#7 E:\xampp\htdocs\dashboard\framework\web\actions\CInlineAction.php(49): CatalogController->actionIndex()
#8 E:\xampp\htdocs\dashboard\framework\web\CController.php(308): CInlineAction->runWithParams()
#9 E:\xampp\htdocs\dashboard\framework\web\CController.php(286): CatalogController->runAction()
#10 E:\xampp\htdocs\dashboard\framework\web\CController.php(265): CatalogController->runActionWithFilters()
#11 E:\xampp\htdocs\dashboard\framework\web\CWebApplication.php(282): CatalogController->run()
#12 E:\xampp\htdocs\dashboard\framework\web\CWebApplication.php(141): CWebApplication->runController()
#13 E:\xampp\htdocs\dashboard\framework\base\CApplication.php(185): CWebApplication->processRequest()
#14 E:\xampp\htdocs\dashboard\index.php(13): CWebApplication->run()
REQUEST_URI=/dashboard/index.php?r=catalog/index
in E:\xampp\htdocs\dashboard\protected\views\catalog\index.php (25)
in E:\xampp\htdocs\dashboard\protected\controllers\CatalogController.php (8)
in E:\xampp\htdocs\dashboard\index.php (13)
2018/05/23 21:22:50 [error] [php] htmlspecialchars() expects parameter 1 to be string, object given (E:\xampp\htdocs\dashboard\framework\web\helpers\CHtml.php:108)
Stack trace:
#0 E:\xampp\htdocs\dashboard\framework\web\actions\CInlineAction.php(49): CatalogController->actionIndex()
#1 E:\xampp\htdocs\dashboard\framework\web\CController.php(308): CInlineAction->runWithParams()
#2 E:\xampp\htdocs\dashboard\framework\web\CController.php(286): CatalogController->runAction()
#3 E:\xampp\htdocs\dashboard\framework\web\CController.php(265): CatalogController->runActionWithFilters()
#4 E:\xampp\htdocs\dashboard\framework\web\CWebApplication.php(282): CatalogController->run()
#5 E:\xampp\htdocs\dashboard\framework\web\CWebApplication.php(141): CWebApplication->runController()
#6 E:\xampp\htdocs\dashboard\framework\base\CApplication.php(185): CWebApplication->processRequest()
#7 E:\xampp\htdocs\dashboard\index.php(13): CWebApplication->run()
REQUEST_URI=/dashboard/index.php?r=catalog/index
in E:\xampp\htdocs\dashboard\protected\controllers\CatalogController.php (9)
in E:\xampp\htdocs\dashboard\index.php (13)
2018/05/23 21:22:51 [error] [php] htmlspecialchars() expects parameter 1 to be string, object given (E:\xampp\htdocs\dashboard\framework\web\helpers\CHtml.php:108)
Stack trace:
#0 E:\xampp\htdocs\dashboard\framework\web\actions\CInlineAction.php(49): CatalogController->actionIndex()
#1 E:\xampp\htdocs\dashboard\framework\web\CController.php(308): CInlineAction->runWithParams()
#2 E:\xampp\htdocs\dashboard\framework\web\CController.php(286): CatalogController->runAction()
#3 E:\xampp\htdocs\dashboard\framework\web\CController.php(265): CatalogController->runActionWithFilters()
#4 E:\xampp\htdocs\dashboard\framework\web\CWebApplication.php(282): CatalogController->run()
#5 E:\xampp\htdocs\dashboard\framework\web\CWebApplication.php(141): CWebApplication->runController()
#6 E:\xampp\htdocs\dashboard\framework\base\CApplication.php(185): CWebApplication->processRequest()
#7 E:\xampp\htdocs\dashboard\index.php(13): CWebApplication->run()
REQUEST_URI=/dashboard/index.php?r=catalog/index
in E:\xampp\htdocs\dashboard\protected\controllers\CatalogController.php (9)
in E:\xampp\htdocs\dashboard\index.php (13)
2018/05/23 21:22:51 [error] [php] htmlspecialchars() expects parameter 1 to be string, object given (E:\xampp\htdocs\dashboard\framework\web\helpers\CHtml.php:108)
Stack trace:
#0 E:\xampp\htdocs\dashboard\framework\web\actions\CInlineAction.php(49): CatalogController->actionIndex()
#1 E:\xampp\htdocs\dashboard\framework\web\CController.php(308): CInlineAction->runWithParams()
#2 E:\xampp\htdocs\dashboard\framework\web\CController.php(286): CatalogController->runAction()
#3 E:\xampp\htdocs\dashboard\framework\web\CController.php(265): CatalogController->runActionWithFilters()
#4 E:\xampp\htdocs\dashboard\framework\web\CWebApplication.php(282): CatalogController->run()
#5 E:\xampp\htdocs\dashboard\framework\web\CWebApplication.php(141): CWebApplication->runController()
#6 E:\xampp\htdocs\dashboard\framework\base\CApplication.php(185): CWebApplication->processRequest()
#7 E:\xampp\htdocs\dashboard\index.php(13): CWebApplication->run()
REQUEST_URI=/dashboard/index.php?r=catalog/index
in E:\xampp\htdocs\dashboard\protected\controllers\CatalogController.php (9)
in E:\xampp\htdocs\dashboard\index.php (13)
2018/05/23 22:37:11 [error] [exception.CDbException] exception 'CDbException' with message 'Relation "hot_hotel" is not defined in active record class "Season".' in E:\xampp\htdocs\dashboard\framework\db\ar\CActiveFinder.php:227
Stack trace:
#0 E:\xampp\htdocs\dashboard\framework\db\ar\CActiveFinder.php(211): CActiveFinder->buildJoinTree(Object(CJoinElement), 'hot_hotel')
#1 E:\xampp\htdocs\dashboard\framework\db\ar\CActiveFinder.php(300): CActiveFinder->buildJoinTree(Object(CJoinElement), 'hot_hotel.hotel...')
#2 E:\xampp\htdocs\dashboard\framework\db\ar\CActiveFinder.php(48): CActiveFinder->buildJoinTree(Object(CJoinElement), Array)
#3 E:\xampp\htdocs\dashboard\framework\db\ar\CActiveRecord.php(915): CActiveFinder->__construct(Object(Season), Array)
#4 E:\xampp\htdocs\dashboard\framework\db\ar\CActiveRecord.php(1363): CActiveRecord->getActiveFinder(Array)
#5 E:\xampp\htdocs\dashboard\framework\db\ar\CActiveRecord.php(1464): CActiveRecord->query(Object(CDbCriteria))
#6 E:\xampp\htdocs\dashboard\protected\controllers\CatalogController.php(11): CActiveRecord->find()
#7 E:\xampp\htdocs\dashboard\framework\web\actions\CInlineAction.php(49): CatalogController->actionIndex()
#8 E:\xampp\htdocs\dashboard\framework\web\CController.php(308): CInlineAction->runWithParams(Array)
#9 E:\xampp\htdocs\dashboard\framework\web\CController.php(286): CController->runAction(Object(CInlineAction))
#10 E:\xampp\htdocs\dashboard\framework\web\CController.php(265): CController->runActionWithFilters(Object(CInlineAction), Array)
#11 E:\xampp\htdocs\dashboard\framework\web\CWebApplication.php(282): CController->run('index')
#12 E:\xampp\htdocs\dashboard\framework\web\CWebApplication.php(141): CWebApplication->runController('catalog/index')
#13 E:\xampp\htdocs\dashboard\framework\base\CApplication.php(185): CWebApplication->processRequest()
#14 E:\xampp\htdocs\dashboard\index.php(13): CApplication->run()
#15 {main}
REQUEST_URI=/dashboard/index.php?r=catalog/index
HTTP_REFERER=http://localhost/dashboard/index.php?r=catalog/index
---
2018/05/23 22:37:37 [error] [exception.CDbException] exception 'CDbException' with message 'Relation "hot_hotel" is not defined in active record class "Season".' in E:\xampp\htdocs\dashboard\framework\db\ar\CActiveFinder.php:227
Stack trace:
#0 E:\xampp\htdocs\dashboard\framework\db\ar\CActiveFinder.php(300): CActiveFinder->buildJoinTree(Object(CJoinElement), 'hot_hotel')
#1 E:\xampp\htdocs\dashboard\framework\db\ar\CActiveFinder.php(48): CActiveFinder->buildJoinTree(Object(CJoinElement), Array)
#2 E:\xampp\htdocs\dashboard\framework\db\ar\CActiveRecord.php(915): CActiveFinder->__construct(Object(Season), Array)
#3 E:\xampp\htdocs\dashboard\framework\db\ar\CActiveRecord.php(1363): CActiveRecord->getActiveFinder(Array)
#4 E:\xampp\htdocs\dashboard\framework\db\ar\CActiveRecord.php(1464): CActiveRecord->query(Object(CDbCriteria))
#5 E:\xampp\htdocs\dashboard\protected\controllers\CatalogController.php(11): CActiveRecord->find()
#6 E:\xampp\htdocs\dashboard\framework\web\actions\CInlineAction.php(49): CatalogController->actionIndex()
#7 E:\xampp\htdocs\dashboard\framework\web\CController.php(308): CInlineAction->runWithParams(Array)
#8 E:\xampp\htdocs\dashboard\framework\web\CController.php(286): CController->runAction(Object(CInlineAction))
#9 E:\xampp\htdocs\dashboard\framework\web\CController.php(265): CController->runActionWithFilters(Object(CInlineAction), Array)
#10 E:\xampp\htdocs\dashboard\framework\web\CWebApplication.php(282): CController->run('index')
#11 E:\xampp\htdocs\dashboard\framework\web\CWebApplication.php(141): CWebApplication->runController('catalog/index')
#12 E:\xampp\htdocs\dashboard\framework\base\CApplication.php(185): CWebApplication->processRequest()
#13 E:\xampp\htdocs\dashboard\index.php(13): CApplication->run()
#14 {main}
REQUEST_URI=/dashboard/index.php?r=catalog/index
HTTP_REFERER=http://localhost/dashboard/index.php?r=catalog/index
---
2018/05/23 22:38:08 [error] [exception.CDbException] exception 'CDbException' with message 'Relation "hotel" is not defined in active record class "Season".' in E:\xampp\htdocs\dashboard\framework\db\ar\CActiveFinder.php:227
Stack trace:
#0 E:\xampp\htdocs\dashboard\framework\db\ar\CActiveFinder.php(300): CActiveFinder->buildJoinTree(Object(CJoinElement), 'hotel')
#1 E:\xampp\htdocs\dashboard\framework\db\ar\CActiveFinder.php(48): CActiveFinder->buildJoinTree(Object(CJoinElement), Array)
#2 E:\xampp\htdocs\dashboard\framework\db\ar\CActiveRecord.php(915): CActiveFinder->__construct(Object(Season), Array)
#3 E:\xampp\htdocs\dashboard\framework\db\ar\CActiveRecord.php(1363): CActiveRecord->getActiveFinder(Array)
#4 E:\xampp\htdocs\dashboard\framework\db\ar\CActiveRecord.php(1464): CActiveRecord->query(Object(CDbCriteria))
#5 E:\xampp\htdocs\dashboard\protected\controllers\CatalogController.php(11): CActiveRecord->find()
#6 E:\xampp\htdocs\dashboard\framework\web\actions\CInlineAction.php(49): CatalogController->actionIndex()
#7 E:\xampp\htdocs\dashboard\framework\web\CController.php(308): CInlineAction->runWithParams(Array)
#8 E:\xampp\htdocs\dashboard\framework\web\CController.php(286): CController->runAction(Object(CInlineAction))
#9 E:\xampp\htdocs\dashboard\framework\web\CController.php(265): CController->runActionWithFilters(Object(CInlineAction), Array)
#10 E:\xampp\htdocs\dashboard\framework\web\CWebApplication.php(282): CController->run('index')
#11 E:\xampp\htdocs\dashboard\framework\web\CWebApplication.php(141): CWebApplication->runController('catalog/index')
#12 E:\xampp\htdocs\dashboard\framework\base\CApplication.php(185): CWebApplication->processRequest()
#13 E:\xampp\htdocs\dashboard\index.php(13): CApplication->run()
#14 {main}
REQUEST_URI=/dashboard/index.php?r=catalog/index
HTTP_REFERER=http://localhost/dashboard/index.php?r=catalog/index
---
2018/05/23 22:38:55 [error] [exception.CDbException] exception 'CDbException' with message 'Relation "hotel" is not defined in active record class "Season".' in E:\xampp\htdocs\dashboard\framework\db\ar\CActiveFinder.php:227
Stack trace:
#0 E:\xampp\htdocs\dashboard\framework\db\ar\CActiveFinder.php(300): CActiveFinder->buildJoinTree(Object(CJoinElement), 'hotel')
#1 E:\xampp\htdocs\dashboard\framework\db\ar\CActiveFinder.php(48): CActiveFinder->buildJoinTree(Object(CJoinElement), Array)
#2 E:\xampp\htdocs\dashboard\framework\db\ar\CActiveRecord.php(915): CActiveFinder->__construct(Object(Season), Array)
#3 E:\xampp\htdocs\dashboard\framework\db\ar\CActiveRecord.php(1363): CActiveRecord->getActiveFinder(Array)
#4 E:\xampp\htdocs\dashboard\framework\db\ar\CActiveRecord.php(1464): CActiveRecord->query(Object(CDbCriteria))
#5 E:\xampp\htdocs\dashboard\protected\controllers\CatalogController.php(11): CActiveRecord->find()
#6 E:\xampp\htdocs\dashboard\framework\web\actions\CInlineAction.php(49): CatalogController->actionIndex()
#7 E:\xampp\htdocs\dashboard\framework\web\CController.php(308): CInlineAction->runWithParams(Array)
#8 E:\xampp\htdocs\dashboard\framework\web\CController.php(286): CController->runAction(Object(CInlineAction))
#9 E:\xampp\htdocs\dashboard\framework\web\CController.php(265): CController->runActionWithFilters(Object(CInlineAction), Array)
#10 E:\xampp\htdocs\dashboard\framework\web\CWebApplication.php(282): CController->run('index')
#11 E:\xampp\htdocs\dashboard\framework\web\CWebApplication.php(141): CWebApplication->runController('catalog/index')
#12 E:\xampp\htdocs\dashboard\framework\base\CApplication.php(185): CWebApplication->processRequest()
#13 E:\xampp\htdocs\dashboard\index.php(13): CApplication->run()
#14 {main}
REQUEST_URI=/dashboard/index.php?r=catalog/index
HTTP_REFERER=http://localhost/dashboard/index.php?r=catalog/index
---
2018/05/23 22:38:59 [error] [exception.CDbException] exception 'CDbException' with message 'Relation "hotel" is not defined in active record class "Season".' in E:\xampp\htdocs\dashboard\framework\db\ar\CActiveFinder.php:227
Stack trace:
#0 E:\xampp\htdocs\dashboard\framework\db\ar\CActiveFinder.php(300): CActiveFinder->buildJoinTree(Object(CJoinElement), 'hotel')
#1 E:\xampp\htdocs\dashboard\framework\db\ar\CActiveFinder.php(48): CActiveFinder->buildJoinTree(Object(CJoinElement), Array)
#2 E:\xampp\htdocs\dashboard\framework\db\ar\CActiveRecord.php(915): CActiveFinder->__construct(Object(Season), Array)
#3 E:\xampp\htdocs\dashboard\framework\db\ar\CActiveRecord.php(1363): CActiveRecord->getActiveFinder(Array)
#4 E:\xampp\htdocs\dashboard\framework\db\ar\CActiveRecord.php(1464): CActiveRecord->query(Object(CDbCriteria))
#5 E:\xampp\htdocs\dashboard\protected\controllers\CatalogController.php(11): CActiveRecord->find()
#6 E:\xampp\htdocs\dashboard\framework\web\actions\CInlineAction.php(49): CatalogController->actionIndex()
#7 E:\xampp\htdocs\dashboard\framework\web\CController.php(308): CInlineAction->runWithParams(Array)
#8 E:\xampp\htdocs\dashboard\framework\web\CController.php(286): CController->runAction(Object(CInlineAction))
#9 E:\xampp\htdocs\dashboard\framework\web\CController.php(265): CController->runActionWithFilters(Object(CInlineAction), Array)
#10 E:\xampp\htdocs\dashboard\framework\web\CWebApplication.php(282): CController->run('index')
#11 E:\xampp\htdocs\dashboard\framework\web\CWebApplication.php(141): CWebApplication->runController('catalog/index')
#12 E:\xampp\htdocs\dashboard\framework\base\CApplication.php(185): CWebApplication->processRequest()
#13 E:\xampp\htdocs\dashboard\index.php(13): CApplication->run()
#14 {main}
REQUEST_URI=/dashboard/index.php?r=catalog/index
HTTP_REFERER=http://localhost/dashboard/index.php?r=catalog/index
---
2018/05/23 23:17:54 [error] [exception.CException] exception 'CException' with message 'CDbConnection and its behaviors do not have a method or closure named "query".' in E:\xampp\htdocs\dashboard\framework\base\CComponent.php:266
Stack trace:
#0 E:\xampp\htdocs\dashboard\protected\controllers\CatalogController.php(19): CComponent->__call('query', Array)
#1 E:\xampp\htdocs\dashboard\protected\controllers\CatalogController.php(19): CDbConnection->query('SELECT hot_hote...')
#2 E:\xampp\htdocs\dashboard\framework\web\actions\CInlineAction.php(49): CatalogController->actionIndex()
#3 E:\xampp\htdocs\dashboard\framework\web\CController.php(308): CInlineAction->runWithParams(Array)
#4 E:\xampp\htdocs\dashboard\framework\web\CController.php(286): CController->runAction(Object(CInlineAction))
#5 E:\xampp\htdocs\dashboard\framework\web\CController.php(265): CController->runActionWithFilters(Object(CInlineAction), Array)
#6 E:\xampp\htdocs\dashboard\framework\web\CWebApplication.php(282): CController->run('index')
#7 E:\xampp\htdocs\dashboard\framework\web\CWebApplication.php(141): CWebApplication->runController('catalog/index')
#8 E:\xampp\htdocs\dashboard\framework\base\CApplication.php(185): CWebApplication->processRequest()
#9 E:\xampp\htdocs\dashboard\index.php(13): CApplication->run()
#10 {main}
REQUEST_URI=/dashboard/index.php?r=catalog/index
HTTP_REFERER=http://localhost/dashboard/index.php?r=catalog/index
---
2018/05/23 23:18:15 [error] [exception.CException] exception 'CException' with message 'CDbConnection and its behaviors do not have a method or closure named "query".' in E:\xampp\htdocs\dashboard\framework\base\CComponent.php:266
Stack trace:
#0 E:\xampp\htdocs\dashboard\protected\controllers\CatalogController.php(19): CComponent->__call('query', Array)
#1 E:\xampp\htdocs\dashboard\protected\controllers\CatalogController.php(19): CDbConnection->query('SELECT hot_hote...')
#2 E:\xampp\htdocs\dashboard\framework\web\actions\CInlineAction.php(49): CatalogController->actionIndex()
#3 E:\xampp\htdocs\dashboard\framework\web\CController.php(308): CInlineAction->runWithParams(Array)
#4 E:\xampp\htdocs\dashboard\framework\web\CController.php(286): CController->runAction(Object(CInlineAction))
#5 E:\xampp\htdocs\dashboard\framework\web\CController.php(265): CController->runActionWithFilters(Object(CInlineAction), Array)
#6 E:\xampp\htdocs\dashboard\framework\web\CWebApplication.php(282): CController->run('index')
#7 E:\xampp\htdocs\dashboard\framework\web\CWebApplication.php(141): CWebApplication->runController('catalog/index')
#8 E:\xampp\htdocs\dashboard\framework\base\CApplication.php(185): CWebApplication->processRequest()
#9 E:\xampp\htdocs\dashboard\index.php(13): CApplication->run()
#10 {main}
REQUEST_URI=/dashboard/index.php?r=catalog/index
HTTP_REFERER=http://localhost/dashboard/index.php?r=catalog/index
---
2018/05/23 23:18:41 [error] [exception.CException] exception 'CException' with message 'CDbConnection and its behaviors do not have a method or closure named "query".' in E:\xampp\htdocs\dashboard\framework\base\CComponent.php:266
Stack trace:
#0 E:\xampp\htdocs\dashboard\protected\controllers\CatalogController.php(20): CComponent->__call('query', Array)
#1 E:\xampp\htdocs\dashboard\protected\controllers\CatalogController.php(20): CDbConnection->query('SELECT hot_hote...')
#2 E:\xampp\htdocs\dashboard\framework\web\actions\CInlineAction.php(49): CatalogController->actionIndex()
#3 E:\xampp\htdocs\dashboard\framework\web\CController.php(308): CInlineAction->runWithParams(Array)
#4 E:\xampp\htdocs\dashboard\framework\web\CController.php(286): CController->runAction(Object(CInlineAction))
#5 E:\xampp\htdocs\dashboard\framework\web\CController.php(265): CController->runActionWithFilters(Object(CInlineAction), Array)
#6 E:\xampp\htdocs\dashboard\framework\web\CWebApplication.php(282): CController->run('index')
#7 E:\xampp\htdocs\dashboard\framework\web\CWebApplication.php(141): CWebApplication->runController('catalog/index')
#8 E:\xampp\htdocs\dashboard\framework\base\CApplication.php(185): CWebApplication->processRequest()
#9 E:\xampp\htdocs\dashboard\index.php(13): CApplication->run()
#10 {main}
REQUEST_URI=/dashboard/index.php?r=catalog/index
HTTP_REFERER=http://localhost/dashboard/index.php?r=catalog/index
---
2018/05/23 23:18:48 [error] [exception.CException] exception 'CException' with message 'CDbConnection and its behaviors do not have a method or closure named "query".' in E:\xampp\htdocs\dashboard\framework\base\CComponent.php:266
Stack trace:
#0 E:\xampp\htdocs\dashboard\protected\controllers\CatalogController.php(20): CComponent->__call('query', Array)
#1 E:\xampp\htdocs\dashboard\protected\controllers\CatalogController.php(20): CDbConnection->query('SELECT hot_hote...')
#2 E:\xampp\htdocs\dashboard\framework\web\actions\CInlineAction.php(49): CatalogController->actionIndex()
#3 E:\xampp\htdocs\dashboard\framework\web\CController.php(308): CInlineAction->runWithParams(Array)
#4 E:\xampp\htdocs\dashboard\framework\web\CController.php(286): CController->runAction(Object(CInlineAction))
#5 E:\xampp\htdocs\dashboard\framework\web\CController.php(265): CController->runActionWithFilters(Object(CInlineAction), Array)
#6 E:\xampp\htdocs\dashboard\framework\web\CWebApplication.php(282): CController->run('index')
#7 E:\xampp\htdocs\dashboard\framework\web\CWebApplication.php(141): CWebApplication->runController('catalog/index')
#8 E:\xampp\htdocs\dashboard\framework\base\CApplication.php(185): CWebApplication->processRequest()
#9 E:\xampp\htdocs\dashboard\index.php(13): CApplication->run()
#10 {main}
REQUEST_URI=/dashboard/index.php?r=catalog/index
HTTP_REFERER=http://localhost/dashboard/index.php?r=catalog/index
---
2018/05/23 23:20:06 [error] [exception.CException] exception 'CException' with message 'CDbConnection and its behaviors do not have a method or closure named "query".' in E:\xampp\htdocs\dashboard\framework\base\CComponent.php:266
Stack trace:
#0 E:\xampp\htdocs\dashboard\protected\controllers\CatalogController.php(20): CComponent->__call('query', Array)
#1 E:\xampp\htdocs\dashboard\protected\controllers\CatalogController.php(20): CDbConnection->query('SELECT hot_hote...')
#2 E:\xampp\htdocs\dashboard\framework\web\actions\CInlineAction.php(49): CatalogController->actionIndex()
#3 E:\xampp\htdocs\dashboard\framework\web\CController.php(308): CInlineAction->runWithParams(Array)
#4 E:\xampp\htdocs\dashboard\framework\web\CController.php(286): CController->runAction(Object(CInlineAction))
#5 E:\xampp\htdocs\dashboard\framework\web\CController.php(265): CController->runActionWithFilters(Object(CInlineAction), Array)
#6 E:\xampp\htdocs\dashboard\framework\web\CWebApplication.php(282): CController->run('index')
#7 E:\xampp\htdocs\dashboard\framework\web\CWebApplication.php(141): CWebApplication->runController('catalog/index')
#8 E:\xampp\htdocs\dashboard\framework\base\CApplication.php(185): CWebApplication->processRequest()
#9 E:\xampp\htdocs\dashboard\index.php(13): CApplication->run()
#10 {main}
REQUEST_URI=/dashboard/index.php?r=catalog/index
HTTP_REFERER=http://localhost/dashboard/index.php?r=catalog/index
---
2018/05/23 23:22:12 [error] [exception.CException] exception 'CException' with message 'CDbConnection and its behaviors do not have a method or closure named "query".' in E:\xampp\htdocs\dashboard\framework\base\CComponent.php:266
Stack trace:
#0 E:\xampp\htdocs\dashboard\protected\controllers\CatalogController.php(20): CComponent->__call('query', Array)
#1 E:\xampp\htdocs\dashboard\protected\controllers\CatalogController.php(20): CDbConnection->query('SELECT hot_hote...')
#2 E:\xampp\htdocs\dashboard\framework\web\actions\CInlineAction.php(49): CatalogController->actionIndex()
#3 E:\xampp\htdocs\dashboard\framework\web\CController.php(308): CInlineAction->runWithParams(Array)
#4 E:\xampp\htdocs\dashboard\framework\web\CController.php(286): CController->runAction(Object(CInlineAction))
#5 E:\xampp\htdocs\dashboard\framework\web\CController.php(265): CController->runActionWithFilters(Object(CInlineAction), Array)
#6 E:\xampp\htdocs\dashboard\framework\web\CWebApplication.php(282): CController->run('index')
#7 E:\xampp\htdocs\dashboard\framework\web\CWebApplication.php(141): CWebApplication->runController('catalog/index')
#8 E:\xampp\htdocs\dashboard\framework\base\CApplication.php(185): CWebApplication->processRequest()
#9 E:\xampp\htdocs\dashboard\index.php(13): CApplication->run()
#10 {main}
REQUEST_URI=/dashboard/index.php?r=catalog/index
HTTP_REFERER=http://localhost/dashboard/index.php?r=catalog/index
---
2018/05/23 23:22:21 [error] [exception.CException] exception 'CException' with message 'CDbConnection and its behaviors do not have a method or closure named "query".' in E:\xampp\htdocs\dashboard\framework\base\CComponent.php:266
Stack trace:
#0 E:\xampp\htdocs\dashboard\protected\controllers\CatalogController.php(20): CComponent->__call('query', Array)
#1 E:\xampp\htdocs\dashboard\protected\controllers\CatalogController.php(20): CDbConnection->query('SELECT hot_hote...')
#2 E:\xampp\htdocs\dashboard\framework\web\actions\CInlineAction.php(49): CatalogController->actionIndex()
#3 E:\xampp\htdocs\dashboard\framework\web\CController.php(308): CInlineAction->runWithParams(Array)
#4 E:\xampp\htdocs\dashboard\framework\web\CController.php(286): CController->runAction(Object(CInlineAction))
#5 E:\xampp\htdocs\dashboard\framework\web\CController.php(265): CController->runActionWithFilters(Object(CInlineAction), Array)
#6 E:\xampp\htdocs\dashboard\framework\web\CWebApplication.php(282): CController->run('index')
#7 E:\xampp\htdocs\dashboard\framework\web\CWebApplication.php(141): CWebApplication->runController('catalog/index')
#8 E:\xampp\htdocs\dashboard\framework\base\CApplication.php(185): CWebApplication->processRequest()
#9 E:\xampp\htdocs\dashboard\index.php(13): CApplication->run()
#10 {main}
REQUEST_URI=/dashboard/index.php?r=catalog/index
HTTP_REFERER=http://localhost/dashboard/index.php?r=catalog/index
---
2018/05/23 23:37:17 [error] [exception.CException] exception 'CException' with message 'CDbDataReader and its behaviors do not have a method or closure named "getData".' in E:\xampp\htdocs\dashboard\framework\base\CComponent.php:266
Stack trace:
#0 E:\xampp\htdocs\dashboard\framework\zii\widgets\CBaseListView.php(125): CComponent->__call('getData', Array)
#1 E:\xampp\htdocs\dashboard\framework\zii\widgets\CBaseListView.php(125): CDbDataReader->getData()
#2 E:\xampp\htdocs\dashboard\framework\zii\widgets\grid\CGridView.php(339): CBaseListView->init()
#3 E:\xampp\htdocs\dashboard\framework\web\CBaseController.php(147): CGridView->init()
#4 E:\xampp\htdocs\dashboard\framework\web\CBaseController.php(181): CBaseController->createWidget('zii.widgets.gri...', Array)
#5 E:\xampp\htdocs\dashboard\protected\controllers\CatalogController.php(30): CBaseController->widget('zii.widgets.gri...', Array)
#6 E:\xampp\htdocs\dashboard\framework\web\actions\CInlineAction.php(49): CatalogController->actionIndex()
#7 E:\xampp\htdocs\dashboard\framework\web\CController.php(308): CInlineAction->runWithParams(Array)
#8 E:\xampp\htdocs\dashboard\framework\web\CController.php(286): CController->runAction(Object(CInlineAction))
#9 E:\xampp\htdocs\dashboard\framework\web\CController.php(265): CController->runActionWithFilters(Object(CInlineAction), Array)
#10 E:\xampp\htdocs\dashboard\framework\web\CWebApplication.php(282): CController->run('index')
#11 E:\xampp\htdocs\dashboard\framework\web\CWebApplication.php(141): CWebApplication->runController('catalog/index')
#12 E:\xampp\htdocs\dashboard\framework\base\CApplication.php(185): CWebApplication->processRequest()
#13 E:\xampp\htdocs\dashboard\index.php(13): CApplication->run()
#14 {main}
REQUEST_URI=/dashboard/index.php?r=catalog/index
HTTP_REFERER=http://localhost/dashboard/index.php?r=catalog/index
---
2018/05/23 23:42:26 [error] [php] include(ActiveDataProvider.php): failed to open stream: No such file or directory (E:\xampp\htdocs\dashboard\framework\YiiBase.php:463)
Stack trace:
#0 E:\xampp\htdocs\dashboard\protected\controllers\CatalogController.php(23): spl_autoload_call()
#1 E:\xampp\htdocs\dashboard\framework\web\actions\CInlineAction.php(49): CatalogController->actionIndex()
#2 E:\xampp\htdocs\dashboard\framework\web\CController.php(308): CInlineAction->runWithParams()
#3 E:\xampp\htdocs\dashboard\framework\web\CController.php(286): CatalogController->runAction()
#4 E:\xampp\htdocs\dashboard\framework\web\CController.php(265): CatalogController->runActionWithFilters()
#5 E:\xampp\htdocs\dashboard\framework\web\CWebApplication.php(282): CatalogController->run()
#6 E:\xampp\htdocs\dashboard\framework\web\CWebApplication.php(141): CWebApplication->runController()
#7 E:\xampp\htdocs\dashboard\framework\base\CApplication.php(185): CWebApplication->processRequest()
#8 E:\xampp\htdocs\dashboard\index.php(13): CWebApplication->run()
REQUEST_URI=/dashboard/index.php?r=catalog/index
in E:\xampp\htdocs\dashboard\protected\controllers\CatalogController.php (23)
in E:\xampp\htdocs\dashboard\index.php (13)
2018/05/23 23:43:11 [error] [php] include(ArrayDataProvider.php): failed to open stream: No such file or directory (E:\xampp\htdocs\dashboard\framework\YiiBase.php:463)
Stack trace:
#0 E:\xampp\htdocs\dashboard\protected\controllers\CatalogController.php(23): spl_autoload_call()
#1 E:\xampp\htdocs\dashboard\framework\web\actions\CInlineAction.php(49): CatalogController->actionIndex()
#2 E:\xampp\htdocs\dashboard\framework\web\CController.php(308): CInlineAction->runWithParams()
#3 E:\xampp\htdocs\dashboard\framework\web\CController.php(286): CatalogController->runAction()
#4 E:\xampp\htdocs\dashboard\framework\web\CController.php(265): CatalogController->runActionWithFilters()
#5 E:\xampp\htdocs\dashboard\framework\web\CWebApplication.php(282): CatalogController->run()
#6 E:\xampp\htdocs\dashboard\framework\web\CWebApplication.php(141): CWebApplication->runController()
#7 E:\xampp\htdocs\dashboard\framework\base\CApplication.php(185): CWebApplication->processRequest()
#8 E:\xampp\htdocs\dashboard\index.php(13): CWebApplication->run()
REQUEST_URI=/dashboard/index.php?r=catalog/index
in E:\xampp\htdocs\dashboard\protected\controllers\CatalogController.php (23)
in E:\xampp\htdocs\dashboard\index.php (13)
2018/05/23 23:52:21 [error] [php] htmlspecialchars() expects parameter 1 to be string, array given (E:\xampp\htdocs\dashboard\framework\web\helpers\CHtml.php:108)
Stack trace:
#0 E:\xampp\htdocs\dashboard\framework\web\actions\CInlineAction.php(49): CatalogController->actionIndex()
#1 E:\xampp\htdocs\dashboard\framework\web\CController.php(308): CInlineAction->runWithParams()
#2 E:\xampp\htdocs\dashboard\framework\web\CController.php(286): CatalogController->runAction()
#3 E:\xampp\htdocs\dashboard\framework\web\CController.php(265): CatalogController->runActionWithFilters()
#4 E:\xampp\htdocs\dashboard\framework\web\CWebApplication.php(282): CatalogController->run()
#5 E:\xampp\htdocs\dashboard\framework\web\CWebApplication.php(141): CWebApplication->runController()
#6 E:\xampp\htdocs\dashboard\framework\base\CApplication.php(185): CWebApplication->processRequest()
#7 E:\xampp\htdocs\dashboard\index.php(13): CWebApplication->run()
REQUEST_URI=/dashboard/index.php?r=catalog/index
in E:\xampp\htdocs\dashboard\protected\controllers\CatalogController.php (24)
in E:\xampp\htdocs\dashboard\index.php (13)
2018/05/23 23:57:37 [error] [system.db.CDbCommand] CDbCommand::fetchAll() failed: SQLSTATE[42S22]: Column not found: 1054 Unknown column 'season.season' in 'group statement'. The SQL statement executed was: SELECT `t`.`id` AS `t0_c0`, `t`.`season` AS `t0_c1`, `t`.`begin` AS `t0_c2`, `t`.`end` AS `t0_c3`, `t`.`id_hotel` AS `t0_c4`, `rates`.`id` AS `t1_c0`, `rates`.`name` AS `t1_c1`, `rates`.`price` AS `t1_c2`, `rates`.`id_season` AS `t1_c3`, `idHotel`.`id` AS `t2_c0`, `idHotel`.`hotel_name` AS `t2_c1` FROM `hot_season` `t`  LEFT OUTER JOIN `hot_rate` `rates` ON (`rates`.`id_season`=`t`.`id`) LEFT OUTER JOIN `hot_hotel` `idHotel` ON (`t`.`id_hotel`=`idHotel`.`id`) GROUP BY season.season HAVING (count(rates.id) > 2).
in E:\xampp\htdocs\dashboard\protected\controllers\CatalogController.php (11)
in E:\xampp\htdocs\dashboard\index.php (13)
2018/05/23 23:57:37 [error] [exception.CDbException] exception 'CDbException' with message 'CDbCommand failed to execute the SQL statement: SQLSTATE[42S22]: Column not found: 1054 Unknown column 'season.season' in 'group statement'. The SQL statement executed was: SELECT `t`.`id` AS `t0_c0`, `t`.`season` AS `t0_c1`, `t`.`begin` AS `t0_c2`, `t`.`end` AS `t0_c3`, `t`.`id_hotel` AS `t0_c4`, `rates`.`id` AS `t1_c0`, `rates`.`name` AS `t1_c1`, `rates`.`price` AS `t1_c2`, `rates`.`id_season` AS `t1_c3`, `idHotel`.`id` AS `t2_c0`, `idHotel`.`hotel_name` AS `t2_c1` FROM `hot_season` `t`  LEFT OUTER JOIN `hot_rate` `rates` ON (`rates`.`id_season`=`t`.`id`) LEFT OUTER JOIN `hot_hotel` `idHotel` ON (`t`.`id_hotel`=`idHotel`.`id`) GROUP BY season.season HAVING (count(rates.id) > 2)' in E:\xampp\htdocs\dashboard\framework\db\CDbCommand.php:543
Stack trace:
#0 E:\xampp\htdocs\dashboard\framework\db\CDbCommand.php(396): CDbCommand->queryInternal('fetchAll', Array, Array)
#1 E:\xampp\htdocs\dashboard\framework\db\ar\CActiveFinder.php(810): CDbCommand->queryAll()
#2 E:\xampp\htdocs\dashboard\framework\db\ar\CActiveFinder.php(441): CJoinElement->runQuery(Object(CJoinQuery))
#3 E:\xampp\htdocs\dashboard\framework\db\ar\CActiveFinder.php(68): CJoinElement->find(Object(CDbCriteria))
#4 E:\xampp\htdocs\dashboard\framework\db\ar\CActiveRecord.php(1364): CActiveFinder->query(Object(CDbCriteria), true)
#5 E:\xampp\htdocs\dashboard\framework\db\ar\CActiveRecord.php(1478): CActiveRecord->query(Object(CDbCriteria), true)
#6 E:\xampp\htdocs\dashboard\protected\controllers\CatalogController.php(11): CActiveRecord->findAll(Array)
#7 E:\xampp\htdocs\dashboard\framework\web\actions\CInlineAction.php(49): CatalogController->actionIndex()
#8 E:\xampp\htdocs\dashboard\framework\web\CController.php(308): CInlineAction->runWithParams(Array)
#9 E:\xampp\htdocs\dashboard\framework\web\CController.php(286): CController->runAction(Object(CInlineAction))
#10 E:\xampp\htdocs\dashboard\framework\web\CController.php(265): CController->runActionWithFilters(Object(CInlineAction), Array)
#11 E:\xampp\htdocs\dashboard\framework\web\CWebApplication.php(282): CController->run('index')
#12 E:\xampp\htdocs\dashboard\framework\web\CWebApplication.php(141): CWebApplication->runController('catalog/index')
#13 E:\xampp\htdocs\dashboard\framework\base\CApplication.php(185): CWebApplication->processRequest()
#14 E:\xampp\htdocs\dashboard\index.php(13): CApplication->run()
#15 {main}
REQUEST_URI=/dashboard/index.php?r=catalog/index
HTTP_REFERER=http://localhost/dashboard/index.php?r=catalog/index
---
2018/05/23 23:58:59 [error] [system.db.CDbCommand] CDbCommand::fetchAll() failed: SQLSTATE[42000]: Syntax error or access violation: 1064 You have an error in your SQL syntax; check the manual that corresponds to your MariaDB server version for the right syntax to use near '})' at line 1. The SQL statement executed was: SELECT `t`.`id` AS `t0_c0`, `t`.`season` AS `t0_c1`, `t`.`begin` AS `t0_c2`, `t`.`end` AS `t0_c3`, `t`.`id_hotel` AS `t0_c4`, `rates`.`id` AS `t1_c0`, `rates`.`name` AS `t1_c1`, `rates`.`price` AS `t1_c2`, `rates`.`id_season` AS `t1_c3`, `idHotel`.`id` AS `t2_c0`, `idHotel`.`hotel_name` AS `t2_c1` FROM `hot_season` `t`  LEFT OUTER JOIN `hot_rate` `rates` ON (`rates`.`id_season`=`t`.`id`) LEFT OUTER JOIN `hot_hotel` `idHotel` ON (`t`.`id_hotel`=`idHotel`.`id`) GROUP BY season.season HAVING (count(rates.id) > {$data}).
in E:\xampp\htdocs\dashboard\protected\controllers\CatalogController.php (12)
in E:\xampp\htdocs\dashboard\index.php (13)
2018/05/23 23:58:59 [error] [exception.CDbException] exception 'CDbException' with message 'CDbCommand failed to execute the SQL statement: SQLSTATE[42000]: Syntax error or access violation: 1064 You have an error in your SQL syntax; check the manual that corresponds to your MariaDB server version for the right syntax to use near '})' at line 1. The SQL statement executed was: SELECT `t`.`id` AS `t0_c0`, `t`.`season` AS `t0_c1`, `t`.`begin` AS `t0_c2`, `t`.`end` AS `t0_c3`, `t`.`id_hotel` AS `t0_c4`, `rates`.`id` AS `t1_c0`, `rates`.`name` AS `t1_c1`, `rates`.`price` AS `t1_c2`, `rates`.`id_season` AS `t1_c3`, `idHotel`.`id` AS `t2_c0`, `idHotel`.`hotel_name` AS `t2_c1` FROM `hot_season` `t`  LEFT OUTER JOIN `hot_rate` `rates` ON (`rates`.`id_season`=`t`.`id`) LEFT OUTER JOIN `hot_hotel` `idHotel` ON (`t`.`id_hotel`=`idHotel`.`id`) GROUP BY season.season HAVING (count(rates.id) > {$data})' in E:\xampp\htdocs\dashboard\framework\db\CDbCommand.php:543
Stack trace:
#0 E:\xampp\htdocs\dashboard\framework\db\CDbCommand.php(396): CDbCommand->queryInternal('fetchAll', Array, Array)
#1 E:\xampp\htdocs\dashboard\framework\db\ar\CActiveFinder.php(810): CDbCommand->queryAll()
#2 E:\xampp\htdocs\dashboard\framework\db\ar\CActiveFinder.php(441): CJoinElement->runQuery(Object(CJoinQuery))
#3 E:\xampp\htdocs\dashboard\framework\db\ar\CActiveFinder.php(68): CJoinElement->find(Object(CDbCriteria))
#4 E:\xampp\htdocs\dashboard\framework\db\ar\CActiveRecord.php(1364): CActiveFinder->query(Object(CDbCriteria), true)
#5 E:\xampp\htdocs\dashboard\framework\db\ar\CActiveRecord.php(1478): CActiveRecord->query(Object(CDbCriteria), true)
#6 E:\xampp\htdocs\dashboard\protected\controllers\CatalogController.php(12): CActiveRecord->findAll(Array)
#7 E:\xampp\htdocs\dashboard\framework\web\actions\CInlineAction.php(49): CatalogController->actionIndex()
#8 E:\xampp\htdocs\dashboard\framework\web\CController.php(308): CInlineAction->runWithParams(Array)
#9 E:\xampp\htdocs\dashboard\framework\web\CController.php(286): CController->runAction(Object(CInlineAction))
#10 E:\xampp\htdocs\dashboard\framework\web\CController.php(265): CController->runActionWithFilters(Object(CInlineAction), Array)
#11 E:\xampp\htdocs\dashboard\framework\web\CWebApplication.php(282): CController->run('index')
#12 E:\xampp\htdocs\dashboard\framework\web\CWebApplication.php(141): CWebApplication->runController('catalog/index')
#13 E:\xampp\htdocs\dashboard\framework\base\CApplication.php(185): CWebApplication->processRequest()
#14 E:\xampp\htdocs\dashboard\index.php(13): CApplication->run()
#15 {main}
REQUEST_URI=/dashboard/index.php?r=catalog/index
HTTP_REFERER=http://localhost/dashboard/index.php?r=catalog/index
---
2018/05/23 23:59:26 [error] [system.db.CDbCommand] CDbCommand::fetchAll() failed: SQLSTATE[42S22]: Column not found: 1054 Unknown column 'season.season' in 'group statement'. The SQL statement executed was: SELECT `t`.`id` AS `t0_c0`, `t`.`season` AS `t0_c1`, `t`.`begin` AS `t0_c2`, `t`.`end` AS `t0_c3`, `t`.`id_hotel` AS `t0_c4`, `rates`.`id` AS `t1_c0`, `rates`.`name` AS `t1_c1`, `rates`.`price` AS `t1_c2`, `rates`.`id_season` AS `t1_c3`, `idHotel`.`id` AS `t2_c0`, `idHotel`.`hotel_name` AS `t2_c1` FROM `hot_season` `t`  LEFT OUTER JOIN `hot_rate` `rates` ON (`rates`.`id_season`=`t`.`id`) LEFT OUTER JOIN `hot_hotel` `idHotel` ON (`t`.`id_hotel`=`idHotel`.`id`) GROUP BY season.season HAVING (count(rates.id) > 2).
in E:\xampp\htdocs\dashboard\protected\controllers\CatalogController.php (12)
in E:\xampp\htdocs\dashboard\index.php (13)
2018/05/23 23:59:26 [error] [exception.CDbException] exception 'CDbException' with message 'CDbCommand failed to execute the SQL statement: SQLSTATE[42S22]: Column not found: 1054 Unknown column 'season.season' in 'group statement'. The SQL statement executed was: SELECT `t`.`id` AS `t0_c0`, `t`.`season` AS `t0_c1`, `t`.`begin` AS `t0_c2`, `t`.`end` AS `t0_c3`, `t`.`id_hotel` AS `t0_c4`, `rates`.`id` AS `t1_c0`, `rates`.`name` AS `t1_c1`, `rates`.`price` AS `t1_c2`, `rates`.`id_season` AS `t1_c3`, `idHotel`.`id` AS `t2_c0`, `idHotel`.`hotel_name` AS `t2_c1` FROM `hot_season` `t`  LEFT OUTER JOIN `hot_rate` `rates` ON (`rates`.`id_season`=`t`.`id`) LEFT OUTER JOIN `hot_hotel` `idHotel` ON (`t`.`id_hotel`=`idHotel`.`id`) GROUP BY season.season HAVING (count(rates.id) > 2)' in E:\xampp\htdocs\dashboard\framework\db\CDbCommand.php:543
Stack trace:
#0 E:\xampp\htdocs\dashboard\framework\db\CDbCommand.php(396): CDbCommand->queryInternal('fetchAll', Array, Array)
#1 E:\xampp\htdocs\dashboard\framework\db\ar\CActiveFinder.php(810): CDbCommand->queryAll()
#2 E:\xampp\htdocs\dashboard\framework\db\ar\CActiveFinder.php(441): CJoinElement->runQuery(Object(CJoinQuery))
#3 E:\xampp\htdocs\dashboard\framework\db\ar\CActiveFinder.php(68): CJoinElement->find(Object(CDbCriteria))
#4 E:\xampp\htdocs\dashboard\framework\db\ar\CActiveRecord.php(1364): CActiveFinder->query(Object(CDbCriteria), true)
#5 E:\xampp\htdocs\dashboard\framework\db\ar\CActiveRecord.php(1478): CActiveRecord->query(Object(CDbCriteria), true)
#6 E:\xampp\htdocs\dashboard\protected\controllers\CatalogController.php(12): CActiveRecord->findAll(Array)
#7 E:\xampp\htdocs\dashboard\framework\web\actions\CInlineAction.php(49): CatalogController->actionIndex()
#8 E:\xampp\htdocs\dashboard\framework\web\CController.php(308): CInlineAction->runWithParams(Array)
#9 E:\xampp\htdocs\dashboard\framework\web\CController.php(286): CController->runAction(Object(CInlineAction))
#10 E:\xampp\htdocs\dashboard\framework\web\CController.php(265): CController->runActionWithFilters(Object(CInlineAction), Array)
#11 E:\xampp\htdocs\dashboard\framework\web\CWebApplication.php(282): CController->run('index')
#12 E:\xampp\htdocs\dashboard\framework\web\CWebApplication.php(141): CWebApplication->runController('catalog/index')
#13 E:\xampp\htdocs\dashboard\framework\base\CApplication.php(185): CWebApplication->processRequest()
#14 E:\xampp\htdocs\dashboard\index.php(13): CApplication->run()
#15 {main}
REQUEST_URI=/dashboard/index.php?r=catalog/index
HTTP_REFERER=http://localhost/dashboard/index.php?r=catalog/index
---
2018/05/23 23:59:47 [error] [system.db.CDbCommand] CDbCommand::fetchAll() failed: SQLSTATE[42S22]: Column not found: 1054 Unknown column 'season.season' in 'group statement'. The SQL statement executed was: SELECT `t`.`id` AS `t0_c0`, `t`.`season` AS `t0_c1`, `t`.`begin` AS `t0_c2`, `t`.`end` AS `t0_c3`, `t`.`id_hotel` AS `t0_c4`, `rates`.`id` AS `t1_c0`, `rates`.`name` AS `t1_c1`, `rates`.`price` AS `t1_c2`, `rates`.`id_season` AS `t1_c3`, `idHotel`.`id` AS `t2_c0`, `idHotel`.`hotel_name` AS `t2_c1` FROM `hot_season` `t`  LEFT OUTER JOIN `hot_rate` `rates` ON (`rates`.`id_season`=`t`.`id`) LEFT OUTER JOIN `hot_hotel` `idHotel` ON (`t`.`id_hotel`=`idHotel`.`id`) GROUP BY season.season HAVING (count(rates.id) > 2).
in E:\xampp\htdocs\dashboard\protected\controllers\CatalogController.php (12)
in E:\xampp\htdocs\dashboard\index.php (13)
2018/05/23 23:59:47 [error] [exception.CDbException] exception 'CDbException' with message 'CDbCommand failed to execute the SQL statement: SQLSTATE[42S22]: Column not found: 1054 Unknown column 'season.season' in 'group statement'. The SQL statement executed was: SELECT `t`.`id` AS `t0_c0`, `t`.`season` AS `t0_c1`, `t`.`begin` AS `t0_c2`, `t`.`end` AS `t0_c3`, `t`.`id_hotel` AS `t0_c4`, `rates`.`id` AS `t1_c0`, `rates`.`name` AS `t1_c1`, `rates`.`price` AS `t1_c2`, `rates`.`id_season` AS `t1_c3`, `idHotel`.`id` AS `t2_c0`, `idHotel`.`hotel_name` AS `t2_c1` FROM `hot_season` `t`  LEFT OUTER JOIN `hot_rate` `rates` ON (`rates`.`id_season`=`t`.`id`) LEFT OUTER JOIN `hot_hotel` `idHotel` ON (`t`.`id_hotel`=`idHotel`.`id`) GROUP BY season.season HAVING (count(rates.id) > 2)' in E:\xampp\htdocs\dashboard\framework\db\CDbCommand.php:543
Stack trace:
#0 E:\xampp\htdocs\dashboard\framework\db\CDbCommand.php(396): CDbCommand->queryInternal('fetchAll', Array, Array)
#1 E:\xampp\htdocs\dashboard\framework\db\ar\CActiveFinder.php(810): CDbCommand->queryAll()
#2 E:\xampp\htdocs\dashboard\framework\db\ar\CActiveFinder.php(441): CJoinElement->runQuery(Object(CJoinQuery))
#3 E:\xampp\htdocs\dashboard\framework\db\ar\CActiveFinder.php(68): CJoinElement->find(Object(CDbCriteria))
#4 E:\xampp\htdocs\dashboard\framework\db\ar\CActiveRecord.php(1364): CActiveFinder->query(Object(CDbCriteria), true)
#5 E:\xampp\htdocs\dashboard\framework\db\ar\CActiveRecord.php(1478): CActiveRecord->query(Object(CDbCriteria), true)
#6 E:\xampp\htdocs\dashboard\protected\controllers\CatalogController.php(12): CActiveRecord->findAll(Array)
#7 E:\xampp\htdocs\dashboard\framework\web\actions\CInlineAction.php(49): CatalogController->actionIndex()
#8 E:\xampp\htdocs\dashboard\framework\web\CController.php(308): CInlineAction->runWithParams(Array)
#9 E:\xampp\htdocs\dashboard\framework\web\CController.php(286): CController->runAction(Object(CInlineAction))
#10 E:\xampp\htdocs\dashboard\framework\web\CController.php(265): CController->runActionWithFilters(Object(CInlineAction), Array)
#11 E:\xampp\htdocs\dashboard\framework\web\CWebApplication.php(282): CController->run('index')
#12 E:\xampp\htdocs\dashboard\framework\web\CWebApplication.php(141): CWebApplication->runController('catalog/index')
#13 E:\xampp\htdocs\dashboard\framework\base\CApplication.php(185): CWebApplication->processRequest()
#14 E:\xampp\htdocs\dashboard\index.php(13): CApplication->run()
#15 {main}
REQUEST_URI=/dashboard/index.php?r=catalog/index
HTTP_REFERER=http://localhost/dashboard/index.php?r=catalog/index
---
2018/05/24 00:01:06 [error] [system.db.CDbCommand] CDbCommand::fetchAll() failed: SQLSTATE[42S22]: Column not found: 1054 Unknown column 'season.season' in 'group statement'. The SQL statement executed was: SELECT `t`.`id` AS `t0_c0`, `t`.`season` AS `t0_c1`, `t`.`begin` AS `t0_c2`, `t`.`end` AS `t0_c3`, `t`.`id_hotel` AS `t0_c4`, `rates`.`id` AS `t1_c0`, `rates`.`name` AS `t1_c1`, `rates`.`price` AS `t1_c2`, `rates`.`id_season` AS `t1_c3`, `idHotel`.`id` AS `t2_c0`, `idHotel`.`hotel_name` AS `t2_c1` FROM `hot_season` `t`  LEFT OUTER JOIN `hot_rate` `rates` ON (`rates`.`id_season`=`t`.`id`) LEFT OUTER JOIN `hot_hotel` `idHotel` ON (`t`.`id_hotel`=`idHotel`.`id`) GROUP BY season.season HAVING (count(rates.id) > 2).
in E:\xampp\htdocs\dashboard\protected\controllers\CatalogController.php (12)
in E:\xampp\htdocs\dashboard\index.php (13)
2018/05/24 00:01:06 [error] [exception.CDbException] exception 'CDbException' with message 'CDbCommand failed to execute the SQL statement: SQLSTATE[42S22]: Column not found: 1054 Unknown column 'season.season' in 'group statement'. The SQL statement executed was: SELECT `t`.`id` AS `t0_c0`, `t`.`season` AS `t0_c1`, `t`.`begin` AS `t0_c2`, `t`.`end` AS `t0_c3`, `t`.`id_hotel` AS `t0_c4`, `rates`.`id` AS `t1_c0`, `rates`.`name` AS `t1_c1`, `rates`.`price` AS `t1_c2`, `rates`.`id_season` AS `t1_c3`, `idHotel`.`id` AS `t2_c0`, `idHotel`.`hotel_name` AS `t2_c1` FROM `hot_season` `t`  LEFT OUTER JOIN `hot_rate` `rates` ON (`rates`.`id_season`=`t`.`id`) LEFT OUTER JOIN `hot_hotel` `idHotel` ON (`t`.`id_hotel`=`idHotel`.`id`) GROUP BY season.season HAVING (count(rates.id) > 2)' in E:\xampp\htdocs\dashboard\framework\db\CDbCommand.php:543
Stack trace:
#0 E:\xampp\htdocs\dashboard\framework\db\CDbCommand.php(396): CDbCommand->queryInternal('fetchAll', Array, Array)
#1 E:\xampp\htdocs\dashboard\framework\db\ar\CActiveFinder.php(810): CDbCommand->queryAll()
#2 E:\xampp\htdocs\dashboard\framework\db\ar\CActiveFinder.php(441): CJoinElement->runQuery(Object(CJoinQuery))
#3 E:\xampp\htdocs\dashboard\framework\db\ar\CActiveFinder.php(68): CJoinElement->find(Object(CDbCriteria))
#4 E:\xampp\htdocs\dashboard\framework\db\ar\CActiveRecord.php(1364): CActiveFinder->query(Object(CDbCriteria), true)
#5 E:\xampp\htdocs\dashboard\framework\db\ar\CActiveRecord.php(1478): CActiveRecord->query(Object(CDbCriteria), true)
#6 E:\xampp\htdocs\dashboard\protected\controllers\CatalogController.php(12): CActiveRecord->findAll(Array)
#7 E:\xampp\htdocs\dashboard\framework\web\actions\CInlineAction.php(49): CatalogController->actionIndex()
#8 E:\xampp\htdocs\dashboard\framework\web\CController.php(308): CInlineAction->runWithParams(Array)
#9 E:\xampp\htdocs\dashboard\framework\web\CController.php(286): CController->runAction(Object(CInlineAction))
#10 E:\xampp\htdocs\dashboard\framework\web\CController.php(265): CController->runActionWithFilters(Object(CInlineAction), Array)
#11 E:\xampp\htdocs\dashboard\framework\web\CWebApplication.php(282): CController->run('index')
#12 E:\xampp\htdocs\dashboard\framework\web\CWebApplication.php(141): CWebApplication->runController('catalog/index')
#13 E:\xampp\htdocs\dashboard\framework\base\CApplication.php(185): CWebApplication->processRequest()
#14 E:\xampp\htdocs\dashboard\index.php(13): CApplication->run()
#15 {main}
REQUEST_URI=/dashboard/index.php?r=catalog/index
HTTP_REFERER=http://localhost/dashboard/index.php?r=catalog/index
---
2018/05/24 00:01:38 [error] [php] Use of undefined constant JSON - assumed 'JSON' (E:\xampp\htdocs\dashboard\protected\controllers\CatalogController.php:25)
Stack trace:
#0 E:\xampp\htdocs\dashboard\framework\web\CController.php(286): CatalogController->runAction()
#1 E:\xampp\htdocs\dashboard\framework\web\CController.php(265): CatalogController->runActionWithFilters()
#2 E:\xampp\htdocs\dashboard\framework\web\CWebApplication.php(282): CatalogController->run()
#3 E:\xampp\htdocs\dashboard\framework\web\CWebApplication.php(141): CWebApplication->runController()
#4 E:\xampp\htdocs\dashboard\framework\base\CApplication.php(185): CWebApplication->processRequest()
#5 E:\xampp\htdocs\dashboard\index.php(13): CWebApplication->run()
REQUEST_URI=/dashboard/index.php?r=catalog/index
in E:\xampp\htdocs\dashboard\protected\controllers\CatalogController.php (25)
in E:\xampp\htdocs\dashboard\index.php (13)
2018/05/24 00:01:49 [error] [php] Use of undefined constant JSON - assumed 'JSON' (E:\xampp\htdocs\dashboard\protected\controllers\CatalogController.php:25)
Stack trace:
#0 E:\xampp\htdocs\dashboard\framework\web\CController.php(286): CatalogController->runAction()
#1 E:\xampp\htdocs\dashboard\framework\web\CController.php(265): CatalogController->runActionWithFilters()
#2 E:\xampp\htdocs\dashboard\framework\web\CWebApplication.php(282): CatalogController->run()
#3 E:\xampp\htdocs\dashboard\framework\web\CWebApplication.php(141): CWebApplication->runController()
#4 E:\xampp\htdocs\dashboard\framework\base\CApplication.php(185): CWebApplication->processRequest()
#5 E:\xampp\htdocs\dashboard\index.php(13): CWebApplication->run()
REQUEST_URI=/dashboard/index.php?r=catalog/index
in E:\xampp\htdocs\dashboard\protected\controllers\CatalogController.php (25)
in E:\xampp\htdocs\dashboard\index.php (13)
